This is BibTeX, Version 0.99d (TeX Live 2013)
The top-level auxiliary file: thesis.aux
A level-1 auxiliary file: tex/preface.aux
A level-1 auxiliary file: tex/introduction.aux
A level-1 auxiliary file: tex/theory.aux
A level-1 auxiliary file: tex/lhc.aux
A level-1 auxiliary file: tex/electron.aux
A level-1 auxiliary file: tex/analysis.aux
A level-1 auxiliary file: tex/data.aux
A level-1 auxiliary file: tex/selection.aux
A level-1 auxiliary file: tex/background.aux
A level-1 auxiliary file: tex/systematics.aux
A level-1 auxiliary file: tex/results.aux
A level-1 auxiliary file: tex/conclusion.aux
The style file: style/atlasnote.bst
Database file #1: bibs/theory.bib
Database file #2: bibs/lhc.bib
Database file #3: bibs/electron.bib
Database file #4: bibs/analysis.bib
Database file #5: bibs/data.bib
Unbalanced braces---line 4 of file bibs/data.bib
 :   title         = "\textsc HELAC-NLO
 :                                     }",
I'm skipping whatever remains of this entry
Warning--string name "jhep" is undefined
--line 18 of file bibs/data.bib
Warning--string name "jhep" is undefined
--line 27 of file bibs/data.bib
Warning--string name "jhep" is undefined
--line 38 of file bibs/data.bib
Database file #6: bibs/selection.bib
Database file #7: bibs/background.bib
Database file #8: bibs/systematics.bib
Database file #9: bibs/results.bib
Warning--empty author in ATLAS-CONF-2014-009
Warning--empty author in CMS-PAS-HIG-14-009
Warning--empty author in tagkey2013120
Warning--empty author in ATLAS_detector
Warning--empty author in 1748-0221-3-08-S08004
Warning--empty author in 1748-0221-3-08-S08005
Warning--empty author in 1748-0221-3-08-S08002
Warning--empty note in Team:40525
Warning--empty author and editor in IDTDR1
Warning--empty author and editor in IDTDR2
Warning--empty author and editor in MagnetTDR
Warning--empty author and editor in PixelTDR
Warning--empty author in PixelSensor
Warning--empty author in SCTBarrel
Warning--empty author in SCTEndcap
Warning--empty author in TRTStraws
Warning--empty author in TRTBarrel
Warning--empty author and editor in TileTDR
Warning--empty author and editor in MuonTDR
Warning--empty author and editor in L1TDR
Warning--empty author in ATLAS-CONF-2014-032
Warning--empty author in MCP2012
Warning--empty author in ATLAS-CONF-2011-102
Warning--empty author in ATLAS-CONF-2012-047
Warning--empty author in ATL-PHYS-PUB-2011-006
Warning--empty author in ATLAS-CONF-2014-011
Warning--empty title in Helac
Warning--empty title in powbox1
Warning--empty title in powbox2
Warning--empty author in ATLAS-CONF-2012-099
Warning--empty author in ATLAS-CONF-2012-048
Warning--empty author in mistagratecalibration
Warning--empty author in bjetcalibration
Warning--empty author in cjetcalibration
Warning--empty author in ATLAS-CONF-2012-126
Warning--empty author in CMS-PAS-HIG-13-020
(There was 1 error message)
