This is pdfTeX, Version 3.1415926-2.5-1.40.14 (TeX Live 2013)
 restricted \write18 enabled.
entering extended mode
(./thesis.tex
LaTeX2e <2011/06/27>
Babel <3.9f> and hyphenation patterns for 78 languages loaded.
(./style/pennThesis.cls
Document Class: pennThesis 11/04/20142011 UPenn HEP Thesis Class
(/usr/local/texlive/2013/texmf-dist/tex/latex/memoir/memoir.cls
Document Class: memoir 2013/05/22 v3.7 configurable book, report, article docum
ent class
(/usr/local/texlive/2013/texmf-dist/tex/generic/oberdiek/ifpdf.sty)
(/usr/local/texlive/2013/texmf-dist/tex/latex/ifetex/ifetex.sty
(/usr/local/texlive/2013/texmf-dist/tex/plain/ifetex/ifetex.tex))
(/usr/local/texlive/2013/texmf-dist/tex/generic/ifxetex/ifxetex.sty)
(/usr/local/texlive/2013/texmf-dist/tex/generic/oberdiek/ifluatex.sty)
(/usr/local/texlive/2013/texmf-dist/tex/latex/etex-pkg/etex.sty)
(/usr/local/texlive/2013/texmf-dist/tex/latex/memoir/mem10.clo)
(/usr/local/texlive/2013/texmf-dist/tex/latex/memoir/mempatch.sty))
(/usr/local/texlive/2013/texmf-dist/tex/latex/base/ifthen.sty)
(/usr/local/texlive/2013/texmf-dist/tex/latex/graphics/graphicx.sty
(/usr/local/texlive/2013/texmf-dist/tex/latex/graphics/keyval.sty)
(/usr/local/texlive/2013/texmf-dist/tex/latex/graphics/graphics.sty
(/usr/local/texlive/2013/texmf-dist/tex/latex/graphics/trig.sty)
(/usr/local/texlive/2013/texmf-dist/tex/latex/latexconfig/graphics.cfg)
(/usr/local/texlive/2013/texmf-dist/tex/latex/pdftex-def/pdftex.def
(/usr/local/texlive/2013/texmf-dist/tex/generic/oberdiek/infwarerr.sty)
(/usr/local/texlive/2013/texmf-dist/tex/generic/oberdiek/ltxcmds.sty))))
(/usr/local/texlive/2013/texmf-dist/tex/latex/oberdiek/epstopdf.sty
(/usr/local/texlive/2013/texmf-dist/tex/latex/oberdiek/epstopdf-base.sty
(/usr/local/texlive/2013/texmf-dist/tex/latex/oberdiek/grfext.sty
(/usr/local/texlive/2013/texmf-dist/tex/generic/oberdiek/kvdefinekeys.sty))
(/usr/local/texlive/2013/texmf-dist/tex/latex/oberdiek/kvoptions.sty
(/usr/local/texlive/2013/texmf-dist/tex/generic/oberdiek/kvsetkeys.sty
(/usr/local/texlive/2013/texmf-dist/tex/generic/oberdiek/etexcmds.sty)))
(/usr/local/texlive/2013/texmf-dist/tex/generic/oberdiek/pdftexcmds.sty)
(/usr/local/texlive/2013/texmf-dist/tex/latex/latexconfig/epstopdf-sys.cfg)))
(/usr/local/texlive/2013/texmf-dist/tex/latex/graphics/epsfig.sty)
(/usr/local/texlive/2013/texmf-dist/tex/latex/graphics/color.sty
(/usr/local/texlive/2013/texmf-dist/tex/latex/latexconfig/color.cfg))
(/usr/local/texlive/2013/texmf-dist/tex/latex/amsmath/amsmath.sty
For additional information on amsmath, use the `?' option.
(/usr/local/texlive/2013/texmf-dist/tex/latex/amsmath/amstext.sty
(/usr/local/texlive/2013/texmf-dist/tex/latex/amsmath/amsgen.sty))
(/usr/local/texlive/2013/texmf-dist/tex/latex/amsmath/amsbsy.sty)
(/usr/local/texlive/2013/texmf-dist/tex/latex/amsmath/amsopn.sty))
(/usr/local/texlive/2013/texmf-dist/tex/latex/amsfonts/amssymb.sty
(/usr/local/texlive/2013/texmf-dist/tex/latex/amsfonts/amsfonts.sty))
(/usr/local/texlive/2013/texmf-dist/tex/latex/tools/bm.sty)
(./style/atlasphysics.sty)
(/usr/local/texlive/2013/texmf-dist/tex/latex/tools/calc.sty)
(/usr/local/texlive/2013/texmf-dist/tex/latex/subfig/subfig.sty

Class memoir Warning: You are using the caption package with the memoir class. 
To prepare we will now reset all captioning macros and configurations to kernel
 defaults, and then let the caption package take over. Please remember to use t
he caption package interfaces in order to configure your captions. .

(/usr/local/texlive/2013/texmf-dist/tex/latex/caption/caption.sty
(/usr/local/texlive/2013/texmf-dist/tex/latex/caption/caption3.sty)))
(/usr/local/texlive/2013/texmf-dist/tex/latex/lineno/lineno.sty)
(/usr/local/texlive/2013/texmf-dist/tex/latex/hyperref/hyperref.sty
(/usr/local/texlive/2013/texmf-dist/tex/generic/oberdiek/hobsub-hyperref.sty
(/usr/local/texlive/2013/texmf-dist/tex/generic/oberdiek/hobsub-generic.sty))
(/usr/local/texlive/2013/texmf-dist/tex/latex/oberdiek/auxhook.sty)
(/usr/local/texlive/2013/texmf-dist/tex/latex/hyperref/pd1enc.def)
(/usr/local/texlive/2013/texmf-dist/tex/latex/latexconfig/hyperref.cfg)
(/usr/local/texlive/2013/texmf-dist/tex/latex/hyperref/backref.sty
(/usr/local/texlive/2013/texmf-dist/tex/latex/oberdiek/rerunfilecheck.sty))
(/usr/local/texlive/2013/texmf-dist/tex/latex/url/url.sty))
(/usr/local/texlive/2013/texmf-dist/tex/latex/memoir/memhfixc.sty)

Package hyperref Message: Driver (autodetected): hpdftex.

(/usr/local/texlive/2013/texmf-dist/tex/latex/hyperref/hpdftex.def)
(/usr/local/texlive/2013/texmf-dist/tex/latex/rotating/rotating.sty)
(/usr/local/texlive/2013/texmf-dist/tex/latex/graphics/lscape.sty)
(/usr/local/texlive/2013/texmf-dist/tex/latex/tools/longtable.sty)
(/usr/local/texlive/2013/texmf-dist/tex/latex/ncctools/dcounter.sty)
(./style/cleveref.sty)

******************************************************
Stock height and width: 794.96999pt by 614.295pt
Top and edge trims: 0pt and 0pt
Page height and width: 794.96999pt by 614.295pt
Text height and width: 598pt by 440pt
Spine and edge margins: 86.72377pt and 86.7238pt
Upper and lower margins: 101.17755pt and 95.79243pt
Headheight and headsep: 13pt and 13pt
Footskip: 26pt
Columnsep and columnseprule: 10pt and 0pt
Marginparsep and marginparwidth: 7pt and 72.7238pt
Sidecapsep and sidecapwidth: 7pt and 71pt
Sidebarhsep and sidebarwidth: 7pt and 71pt
Sidebarvsep and sidebartopsep: 12pt and 0pt
Sidebarheight: 548.39996pt
Sidefoothsep and sidefootwidth: 7pt and 71pt
Sidefootvsep and sidefootheight: 12pt and 548.39996pt
******************************************************

)
\@input{tex/docdefs.aux}
(./tex/docdefs.tex)
(/usr/local/texlive/2013/texmf-dist/tex/latex/feynmf/feynmf.sty)
(/usr/local/texlive/2013/texmf-dist/tex/latex/multirow/multirow.sty)
(./thesis.aux)
(/usr/local/texlive/2013/texmf-dist/tex/context/base/supp-pdf.mkii
[Loading MPS to PDF converter (version 2006.09.02).]
) (/usr/local/texlive/2013/texmf-dist/tex/latex/caption/ltcaption.sty)
(/usr/local/texlive/2013/texmf-dist/tex/latex/hyperref/nameref.sty
(/usr/local/texlive/2013/texmf-dist/tex/generic/oberdiek/gettitlestring.sty))
Redoing nameref's sectioning
Redoing nameref's label
(./thesis.out) (./thesis.out)
feynmf: File thesis-feyn.tfm found.
feynmf: Nevertheless, if the picture has changed, reprocess thesis-feyn.mf.
feynmf: If dimension have changed, reprocess thesis-feyn.mf and thesis.tex.
(/usr/local/texlive/2013/texmf-dist/tex/latex/amsfonts/umsa.fd)
(/usr/local/texlive/2013/texmf-dist/tex/latex/amsfonts/umsb.fd) [1{/usr/local/t
exlive/2013/texmf-var/fonts/map/pdftex/updmap/pdftex.map}] [2]
(./tex/acknowledgements.tex
Overfull \hbox (0.27849pt too wide) in paragraph at lines 3--10
\OT1/cmr/m/n/10 knowl-edge-ments ac-knowl-edge-ments ac-knowl-edge-ments ac-kno
wl-edge-ments ac-knowl-edge-ments ac-knowl-

Overfull \hbox (1.66733pt too wide) in paragraph at lines 11--18
[]\OT1/cmr/m/n/10 Acknowledgements ac-knowl-edge-ments ac-knowl-edge-ments ac-k
nowl-edge-ments ac-knowl-edge-ments ac-

Overfull \hbox (0.27849pt too wide) in paragraph at lines 11--18
\OT1/cmr/m/n/10 knowl-edge-ments ac-knowl-edge-ments ac-knowl-edge-ments ac-kno
wl-edge-ments ac-knowl-edge-ments ac-knowl-

Overfull \hbox (1.66733pt too wide) in paragraph at lines 19--26
[]\OT1/cmr/m/n/10 Acknowledgements ac-knowl-edge-ments ac-knowl-edge-ments ac-k
nowl-edge-ments ac-knowl-edge-ments ac-

Overfull \hbox (0.27849pt too wide) in paragraph at lines 19--26
\OT1/cmr/m/n/10 knowl-edge-ments ac-knowl-edge-ments ac-knowl-edge-ments ac-kno
wl-edge-ments ac-knowl-edge-ments ac-knowl-
) [3] (./tex/abstract.tex) [4] [5] (./tex/preface.tex) [6]
(./tex/introduction.tex

LaTeX Warning: Citation `1999.ATLAS.Physics-TDR' on page 1 undefined on input l
ine 5.

) [1] (./tex/theory.tex

LaTeX Warning: Citation `np_22_579' on page 2 undefined on input line 20.


LaTeX Warning: Citation `prl_19_1264' on page 2 undefined on input line 20.


LaTeX Warning: Citation `1964.Salam-Ward.gauge-theory' on page 2 undefined on i
nput line 20.


LaTeX Warning: Citation `1973.Weinberg.SM-with-QCD' on page 2 undefined on inpu
t line 20.


LaTeX Warning: Citation `1973.Gross-Wilczek.Asymptotic_freedom_0' on page 2 und
efined on input line 29.

[2]

LaTeX Warning: Citation `1972.tHooft-Veltman.regularization_and_renormalization
' on page 3 undefined on input line 36.


LaTeX Warning: Citation `Higgs:1964pj' on page 3 undefined on input line 73.


LaTeX Warning: Citation `Higgs:1966ev' on page 3 undefined on input line 73.


LaTeX Warning: Citation `Englert:1964et' on page 3 undefined on input line 73.

[3]

LaTeX Warning: Citation `lepew:2010vi' on page 4 undefined on input line 117.


LaTeX Warning: Citation `GFitter' on page 4 undefined on input line 124.


LaTeX Warning: Reference `figure:theory_scans' on page 4 undefined on input lin
e 124.

<figs/HiggsScan.pdf, id=67, 569.12625pt x 385.44pt> <use figs/HiggsScan.pdf>
<figs/TopScan.pdf, id=68, 569.12625pt x 385.44pt> <use figs/TopScan.pdf>
<figs/WMassScan.pdf, id=69, 569.12625pt x 385.44pt> <use figs/WMassScan.pdf>
<figs/Sin2ThetaScan.pdf, id=70, 569.12625pt x 385.44pt>
<use figs/Sin2ThetaScan.pdf> [4]

LaTeX Warning: Reference `figure:theory_pdf' on page 5 undefined on input line 
169.


LaTeX Warning: Citation `1985.Collins.factorization-theorem' on page 5 undefine
d on input line 170.


LaTeX Warning: Reference `chapter:lhc' on page 5 undefined on input line 173.

[5 <./figs/HiggsScan.pdf> <./figs/TopScan.pdf> <./figs/WMassScan.pdf> <./figs/S
in2ThetaScan.pdf>]
<figs/mstw2008nlo68cl_allpdfs.pdf, id=108, 569.12625pt x 382.42876pt>
<use figs/mstw2008nlo68cl_allpdfs.pdf>

LaTeX Warning: Citation `lhcProposal' on page 6 undefined on input line 189.


LaTeX Warning: Citation `lepew:2010vi' on page 6 undefined on input line 193.

<figs/ggF.pdf, id=109, 209.78375pt x 117.43875pt> <use figs/ggF.pdf>
<figs/vh.pdf, id=110, 221.82875pt x 91.34125pt> <use figs/vh.pdf>
<figs/vbf.pdf, id=111, 237.88875pt x 174.6525pt> <use figs/vbf.pdf>
<figs/tth.pdf, id=112, 209.78375pt x 168.63pt> <use figs/tth.pdf>

LaTeX Warning: Reference `figure:theory_higgsdiagrams' on page 6 undefined on i
nput line 216.


LaTeX Warning: Reference `figure:theory_xsec' on page 6 undefined on input line
 218.


LaTeX Warning: Citation `Dittmaier:2012vm' on page 6 undefined on input line 21
8.


LaTeX Warning: Reference `figure:theory_xsec' on page 6 undefined on input line
 223.

[6 <./figs/mstw2008nlo68cl_allpdfs.pdf>]
<figs/Higgs_XS_8TeV_lx.pdf, id=121, 569.12625pt x 408.52625pt>
<use figs/Higgs_XS_8TeV_lx.pdf>
<figs/Higgs_BR.pdf, id=122, 569.12625pt x 546.04pt> <use figs/Higgs_BR.pdf>

LaTeX Warning: Citation `ATLAS-CONF-2014-009' on page 7 undefined on input line
 247.


LaTeX Warning: Citation `CMS-PAS-HIG-14-009' on page 7 undefined on input line 
247.


LaTeX Warning: Citation `Aad:2014aba' on page 7 undefined on input line 248.


LaTeX Warning: Citation `tagkey2013120' on page 7 undefined on input line 248.


LaTeX Warning: Reference `figure:theory_higgsdisc' on page 7 undefined on input
 line 251.

[7 <./figs/ggF.pdf> <./figs/vh.pdf> <./figs/vbf.pdf> <./figs/tth.pdf>]
<figs/atlas_higgs.pdf, id=157, 569.12625pt x 736.7525pt>
<use figs/atlas_higgs.pdf>
<figs/atlas_coupling.pdf, id=158, 569.12625pt x 738.76pt>
<use figs/atlas_coupling.pdf>

Package hyperref Warning: Token not allowed in a PDF string (PDFDocEncoding):
(hyperref)                removing `math shift' on input line 282.


Package hyperref Warning: Token not allowed in a PDF string (PDFDocEncoding):
(hyperref)                removing `math shift' on input line 282.


LaTeX Warning: Citation `Dawson:2013bba' on page 8 undefined on input line 290.



LaTeX Warning: Citation `Eberhardt:2012gv' on page 8 undefined on input line 29
5.


LaTeX Warning: Citation `Carena:2013iba' on page 8 undefined on input line 296.



LaTeX Warning: Citation `ArkaniHamed:2012kq' on page 8 undefined on input line 
296.


LaTeX Warning: Citation `Carmi:2012yp' on page 8 undefined on input line 296.


LaTeX Warning: Citation `Dawson:2013bba' on page 8 undefined on input line 310.


[8 <./figs/Higgs_XS_8TeV_lx.pdf, page is rotated 90 degrees> <./figs/Higgs_BR.p
df>]

LaTeX Warning: Citation `Degrassi:2012ry' on page 9 undefined on input line 321
.


LaTeX Warning: Reference `figure:theory_stability' on page 9 undefined on input
 line 323.

[9 <./figs/atlas_higgs.pdf> <./figs/atlas_coupling.pdf>]
<figs/SMstability.pdf, id=239, 180.675pt x 177.16188pt>
<use figs/SMstability.pdf>
<figs/runLambda.pdf, id=240, 250.9375pt x 244.92404pt>
<use figs/runLambda.pdf>) [10 <./figs/SMstability.pdf> <./figs/runLambda.pdf>]
(./tex/lhc.tex

LaTeX Warning: Citation `1748-0221-3-08-S08001' on page 11 undefined on input l
ine 20.


LaTeX Warning: Citation `Pettersson:291782' on page 11 undefined on input line 
20.


LaTeX Warning: Citation `Linnecar:1176380' on page 11 undefined on input line 2
0.


LaTeX Warning: Citation `ATLAS_detector' on page 11 undefined on input line 26.



LaTeX Warning: Citation `748-0221-3-08-S08004' on page 11 undefined on input li
ne 26.


LaTeX Warning: Citation `1748-0221-3-08-S08005' on page 11 undefined on input l
ine 26.


LaTeX Warning: Citation `1748-0221-3-08-S08002)' on page 11 undefined on input 
line 26.


LaTeX Warning: Reference `figure:lhc_lhc' on page 11 undefined on input line 26
.


LaTeX Warning: Citation `Team:40525' on page 11 undefined on input line 27.

<figs/lhc.pdf, id=281, 614.295pt x 794.97pt> <use figs/lhc.pdf> [11] [12 <./fig
s/lhc.pdf>]) [13] (./tex/electron.tex) [14] (./tex/analysis.tex

LaTeX Warning: Citation `paper1' on page 15 undefined on input line 12.


LaTeX Warning: Citation `paper2' on page 15 undefined on input line 13.


LaTeX Warning: Reference `chapter:selection' on page 15 undefined on input line
 24.


LaTeX Warning: Reference `chapter:background' on page 15 undefined on input lin
e 25.


LaTeX Warning: Reference `chapter:systematics' on page 15 undefined on input li
ne 26.


LaTeX Warning: Reference `chapter:results' on page 15 undefined on input line 2
6.


LaTeX Warning: Reference `ana:table_decay' on page 15 undefined on input line 3
7.

[15] (/usr/local/texlive/2013/texmf-dist/tex/latex/base/omscmr.fd) [16])
[17] (./tex/data.tex

LaTeX Warning: Citation `Aad:2013ucp' on page 18 undefined on input line 9.


LaTeX Warning: Reference `figure:lhc_lumi' on page 18 undefined on input line 1
0.


LaTeX Warning: Citation `Carli:1424362' on page 18 undefined on input line 12.


LaTeX Warning: Reference `figure:lhc_pileup' on page 18 undefined on input line
 14.

<figs/intlumivstime2011-2012DQ.pdf, id=348, 569.12625pt x 408.52625pt>
<use figs/intlumivstime2011-2012DQ.pdf>
<figs/mu_2011_2012-dec.pdf, id=349, 569.12625pt x 408.52625pt>
<use figs/mu_2011_2012-dec.pdf> [18]

LaTeX Warning: Citation `Aad:2010ah' on page 19 undefined on input line 53.


LaTeX Warning: Citation `Agostinelli:2002hh' on page 19 undefined on input line
 53.

[19 <./figs/intlumivstime2011-2012DQ.pdf> <./figs/mu_2011_2012-dec.pdf>]

LaTeX Warning: Reference `ana:table_mcsignal' on page 20 undefined on input lin
e 59.


LaTeX Warning: Citation `Heinemeyer:2013tqa' on page 20 undefined on input line
 62.


LaTeX Warning: Citation `Garzelli:2011vp' on page 20 undefined on input line 64
.


LaTeX Warning: Citation `Sjostrand:2007gs' on page 20 undefined on input line 6
5.


LaTeX Warning: Citation `Lai:2010vv' on page 20 undefined on input line 65.


LaTeX Warning: Citation `Heinemeyer:2013tqa' on page 20 undefined on input line
 67.


LaTeX Warning: Reference `ana:table_MCbackground' on page 20 undefined on input
 line 89.


LaTeX Warning: Citation `Mangano:2002ea' on page 20 undefined on input line 89.



LaTeX Warning: Citation `Maltoni:2002qb' on page 20 undefined on input line 89.



LaTeX Warning: Citation `Kersevan:2004yg' on page 20 undefined on input line 89
.


LaTeX Warning: Citation `Nadolsky:2008zw' on page 20 undefined on input line 89
.


LaTeX Warning: Citation `Frixione:2007vw' on page 20 undefined on input line 90
.


LaTeX Warning: Citation `Gleisberg:2008ta' on page 20 undefined on input line 9
0.


LaTeX Warning: Citation `Martin:2009iq' on page 20 undefined on input line 91.


Package longtable Warning: Column widths have changed
(longtable)                in table 6.2 on input line 126.

[20]) [21] (./tex/selection.tex

LaTeX Warning: Reference `chapter:analysis' on page 22 undefined on input line 
4.


LaTeX Warning: Reference `' on page 22 undefined on input line 10.


LaTeX Warning: Reference `section:Optimization' on page 22 undefined on input l
ine 13.

[22] [23]

LaTeX Warning: Citation `EgammaSF' on page 24 undefined on input line 115.


LaTeX Warning: Reference `chapter:electron' on page 24 undefined on input line 
118.


LaTeX Warning: Citation `Topo' on page 24 undefined on input line 129.


LaTeX Warning: Citation `PileupCorrections' on page 24 undefined on input line 
130.

[24]

LaTeX Warning: Reference `selection:table_object' on page 25 undefined on input
 line 138.


LaTeX Warning: Citation `MCP2012' on page 25 undefined on input line 149.


LaTeX Warning: Reference `selection:table_object' on page 25 undefined on input
 line 161.


LaTeX Warning: Citation `Cacciari:2008gp' on page 25 undefined on input line 16
5.

[25]

LaTeX Warning: Reference `sec:optim-jets' on page 26 undefined on input line 17
6.

) [26] [27] (./tex/background.tex

LaTeX Warning: Reference `chapter:analysis' on page 28 undefined on input line 
4.


LaTeX Warning: Reference `table:background_summary' on page 28 undefined on inp
ut line 6.


Package hyperref Warning: Token not allowed in a PDF string (PDFDocEncoding):
(hyperref)                removing `math shift' on input line 36.


Package hyperref Warning: Token not allowed in a PDF string (PDFDocEncoding):
(hyperref)                removing `superscript' on input line 36.


Package hyperref Warning: Token not allowed in a PDF string (PDFDocEncoding):
(hyperref)                removing `\pm' on input line 36.


Package hyperref Warning: Token not allowed in a PDF string (PDFDocEncoding):
(hyperref)                removing `math shift' on input line 36.


Package hyperref Warning: Token not allowed in a PDF string (PDFDocEncoding):
(hyperref)                removing `math shift' on input line 36.


Package hyperref Warning: Token not allowed in a PDF string (PDFDocEncoding):
(hyperref)                removing `math shift' on input line 36.


Package hyperref Warning: Token not allowed in a PDF string (PDFDocEncoding):
(hyperref)                removing `math shift' on input line 36.


Package hyperref Warning: Token not allowed in a PDF string (PDFDocEncoding):
(hyperref)                removing `math shift' on input line 36.


Package hyperref Warning: Token not allowed in a PDF string (PDFDocEncoding):
(hyperref)                removing `math shift' on input line 36.


Package hyperref Warning: Token not allowed in a PDF string (PDFDocEncoding):
(hyperref)                removing `math shift' on input line 36.

[28]

LaTeX Warning: Citation `Garzelli:2012bn' on page 29 undefined on input line 46
.


LaTeX Warning: Citation `Campbell:2012dh' on page 29 undefined on input line 49
.


LaTeX Warning: Citation `Martin:2009iq' on page 29 undefined on input line 50.


LaTeX Warning: Reference `tab:ttVXSunc' on page 29 undefined on input line 54.


Underfull \hbox (badness 6625) in paragraph at lines 61--63
[]|\OT1/cmr/m/n/10 Total sym-metrised

Overfull \hbox (9.18451pt too wide) in paragraph at lines 58--73
 [] 

Underfull \hbox (badness 7649) in paragraph at lines 73--73
[]\OT1/cmr/m/n/10 Table 8.1: |NLO cross sec-tion and the-o-ret-i-cal un-cer-tai
nty cal-cu-la-tions de-rived from

LaTeX Warning: Citation `Campbell:2013yla' on page 29 undefined on input line 7
8.


Package hyperref Warning: Token not allowed in a PDF string (PDFDocEncoding):
(hyperref)                removing `math shift' on input line 82.


Package hyperref Warning: Token not allowed in a PDF string (PDFDocEncoding):
(hyperref)                removing `math shift' on input line 82.


LaTeX Warning: Reference `chapter:selection' on page 29 undefined on input line
 84.

[29]

LaTeX Warning: Reference `figure:background_ttZCRA' on page 30 undefined on inp
ut line 86.

<figs/ttZ/ttz_3l_CR_nelec.pdf, id=450, 569.12625pt x 385.44pt>
<use figs/ttZ/ttz_3l_CR_nelec.pdf>
<figs/ttZ/ttz_3l_CR_nJets_and_nbJets_lin.pdf, id=451, 569.12625pt x 385.44pt>
<use figs/ttZ/ttz_3l_CR_nJets_and_nbJets_lin.pdf>
<figs/ttZ/ttz_3l_CR_Mll01.pdf, id=452, 569.12625pt x 385.44pt>
<use figs/ttZ/ttz_3l_CR_Mll01.pdf>
<figs/ttZ/ttz_3l_CR_Mll02.pdf, id=453, 569.12625pt x 385.44pt>
<use figs/ttZ/ttz_3l_CR_Mll02.pdf>

Package hyperref Warning: Token not allowed in a PDF string (PDFDocEncoding):
(hyperref)                removing `math shift' on input line 100.


Package hyperref Warning: Token not allowed in a PDF string (PDFDocEncoding):
(hyperref)                removing `superscript' on input line 100.


Package hyperref Warning: Token not allowed in a PDF string (PDFDocEncoding):
(hyperref)                removing `\pm' on input line 100.


Package hyperref Warning: Token not allowed in a PDF string (PDFDocEncoding):
(hyperref)                removing `math shift' on input line 100.


Package hyperref Warning: Token not allowed in a PDF string (PDFDocEncoding):
(hyperref)                removing `math shift' on input line 100.


Package hyperref Warning: Token not allowed in a PDF string (PDFDocEncoding):
(hyperref)                removing `math shift' on input line 100.


LaTeX Warning: Citation `WZAtlas' on page 30 undefined on input line 110.


LaTeX Warning: Citation `ZZAtlas' on page 30 undefined on input line 110.


LaTeX Warning: Citation `WbAtlas' on page 30 undefined on input line 111.


LaTeX Warning: Citation `ZbAtlas' on page 30 undefined on input line 112.

[30]

LaTeX Warning: Reference `fig:wz_zb' on page 31 undefined on input line 121.

<figs/WZ/ZbVR.pdf, id=460, 569.12625pt x 418.56375pt> <use figs/WZ/ZbVR.pdf>

Package hyperref Warning: Token not allowed in a PDF string (PDFDocEncoding):
(hyperref)                removing `math shift' on input line 134.


Package hyperref Warning: Token not allowed in a PDF string (PDFDocEncoding):
(hyperref)                removing `superscript' on input line 134.


Package hyperref Warning: Token not allowed in a PDF string (PDFDocEncoding):
(hyperref)                removing `\pm' on input line 134.


Package hyperref Warning: Token not allowed in a PDF string (PDFDocEncoding):
(hyperref)                removing `math shift' on input line 134.


LaTeX Warning: Reference `fig:wz_incl' on page 31 undefined on input line 135.


LaTeX Warning: Reference `fig:wz_z_b' on page 31 undefined on input line 135.

[31 <./figs/ttZ/ttz_3l_CR_nelec.pdf> <./figs/ttZ/ttz_3l_CR_nJets_and_nbJets_lin
.pdf> <./figs/ttZ/ttz_3l_CR_Mll01.pdf> <./figs/ttZ/ttz_3l_CR_Mll02.pdf>]
<figs/wz/plotCand_3lep_VV_NJet.pdf, id=493, 569.12625pt x 418.56375pt>
<use figs/wz/plotCand_3lep_VV_NJet.pdf>
<figs/wz/plotCand_3lep_VV_NElec.pdf, id=494, 569.12625pt x 418.56375pt>
<use figs/wz/plotCand_3lep_VV_NElec.pdf>
<figs/wz/plotCand_3lep_VV_Mlll.pdf, id=495, 569.12625pt x 418.56375pt>
<use figs/wz/plotCand_3lep_VV_Mlll.pdf>
<figs/wz/plotCand_3lep_VV_Mll01ML.pdf, id=496, 569.12625pt x 418.56375pt>
<use figs/wz/plotCand_3lep_VV_Mll01ML.pdf>
! Missing } inserted.
<inserted text> 
                }
l.152  \end{minipage}
                     \hfill
? ! Undefined control sequence.
\endminipage ...\expandafter \@iiiparbox \@mpargs 
                                                  {\unvbox \@tempboxa }
l.152  \end{minipage}
                     \hfill
? Runaway argument?
{
! Paragraph ended before \calc@assign@generic was complete.
<to be read again> 
                   \par 
l.162   \begin
              {minipage}[h]{0.5\textwidth}
? ! Extra }, or forgotten \endgroup.
\@iiiparbox ...xswfalse \setlength \@tempdima {#4}
                                                  \@begin@tempboxa \vbox {\h...
l.162   \begin
              {minipage}[h]{0.5\textwidth}
? ! Missing \endcsname inserted.
<to be read again> 
                   \@@par 
l.162   \begin
              {minipage}[h]{0.5\textwidth}
? ! Missing \endcsname inserted.
<to be read again> 
                   \@@par 
l.162   \begin
              {minipage}[h]{0.5\textwidth}
? ! Extra \endcsname.
\reserved@a ...on@line }\csname \@@par \endcsname 
                                                  
l.162   \begin
              {minipage}[h]{0.5\textwidth}
? ! Extra }, or forgotten \endgroup.
\@begin@tempboxa ...begingroup #2\color@endgroup }
                                                  \def \width {\wd \@tempbox...
l.162   \begin
              {minipage}[h]{0.5\textwidth}
? Runaway argument?
{\@checkend {minipage}\expandafter \endgroup \if@endpe \@doendpe \fi \ETC.
! Paragraph ended before \calc@assign@generic was complete.
<to be read again> 
                   \par 
l.162   \begin
              {minipage}[h]{0.5\textwidth}
? 
Package caption Warning: The option `hypcap=true' will be ignored for this
(caption)                particular \caption on input line 162.
See the caption package documentation for explanation.


Overfull \hbox (46.0001pt too wide) in paragraph at lines 162--162
[]\OT1/cmr/m/n/10 Figure 8.3:

Overfull \hbox (38.11118pt too wide) in paragraph at lines 162--162
|[]\OT1/cmr/m/n/10 Inclusive

Overfull \hbox (5.00002pt too wide) in paragraph at lines 162--162
\OT1/cmr/m/n/10 3

Overfull \hbox (16.11113pt too wide) in paragraph at lines 162--162
\OT1/cmr/m/n/10 lep-

Overfull \hbox (14.44449pt too wide) in paragraph at lines 162--162
\OT1/cmr/m/n/10 ton

Overfull \hbox (25.12503pt too wide) in paragraph at lines 162--162
\OML/cmm/m/it/10 W[]Z$

Overfull \hbox (15.83337pt too wide) in paragraph at lines 162--162
\OT1/cmr/m/n/10 val-

Overfull \hbox (6.11111pt too wide) in paragraph at lines 162--162
\OT1/cmr/m/n/10 i-

Overfull \hbox (13.88892pt too wide) in paragraph at lines 162--162
\OT1/cmr/m/n/10 da-

Overfull \hbox (17.22227pt too wide) in paragraph at lines 162--162
\OT1/cmr/m/n/10 tion

Overfull \hbox (11.69444pt too wide) in paragraph at lines 162--162
\OT1/cmr/m/n/10 re-

Overfull \hbox (18.33339pt too wide) in paragraph at lines 162--162
\OT1/cmr/m/n/10 gion

Overfull \hbox (12.83334pt too wide) in paragraph at lines 162--162
\OT1/cmr/m/n/10 us-

Overfull \hbox (13.33337pt too wide) in paragraph at lines 162--162
\OT1/cmr/m/n/10 ing

Overfull \hbox (13.88892pt too wide) in paragraph at lines 162--162
\OT1/cmr/m/n/10 the

Overfull \hbox (34.68054pt too wide) in paragraph at lines 162--162
\OML/cmm/m/it/10 t[]H$ \OT1/cmr/m/n/10 lep-

Overfull \hbox (14.44449pt too wide) in paragraph at lines 162--162
\OT1/cmr/m/n/10 ton

Overfull \hbox (21.6667pt too wide) in paragraph at lines 162--162
\OT1/cmr/m/n/10 iden-

Overfull \hbox (10.00002pt too wide) in paragraph at lines 162--162
\OT1/cmr/m/n/10 ti-

Overfull \hbox (8.8889pt too wide) in paragraph at lines 162--162
\OT1/cmr/m/n/10 fi-

Overfull \hbox (12.77779pt too wide) in paragraph at lines 162--162
\OT1/cmr/m/n/10 ca-

Overfull \hbox (17.22227pt too wide) in paragraph at lines 162--162
\OT1/cmr/m/n/10 tion

Overfull \hbox (16.11116pt too wide) in paragraph at lines 162--162
\OT1/cmr/m/n/10 and

Overfull \hbox (16.6667pt too wide) in paragraph at lines 162--162
\OT1/cmr/m/n/10 mo-

Overfull \hbox (21.6667pt too wide) in paragraph at lines 162--162
\OT1/cmr/m/n/10 men-

Overfull \hbox (17.77783pt too wide) in paragraph at lines 162--162
\OT1/cmr/m/n/10 tum

Overfull \hbox (20.61115pt too wide) in paragraph at lines 162--162
\OT1/cmr/m/n/10 cuts:

Overfull \hbox (24.00005pt too wide) in paragraph at lines 162--162
\OT1/cmr/m/n/10 mass,

Overfull \hbox (22.50005pt too wide) in paragraph at lines 162--162
\OT1/cmr/m/n/10 num-

Overfull \hbox (14.19447pt too wide) in paragraph at lines 162--162
\OT1/cmr/m/n/10 ber

Overfull \hbox (8.05559pt too wide) in paragraph at lines 162--162
\OT1/cmr/m/n/10 of

Overfull \hbox (11.38892pt too wide) in paragraph at lines 162--162
\OT1/cmr/m/n/10 jet

Overfull \hbox (16.11116pt too wide) in paragraph at lines 162--162
\OT1/cmr/m/n/10 and

Overfull \hbox (13.88892pt too wide) in paragraph at lines 162--162
\OT1/cmr/m/n/10 fla-

Overfull \hbox (13.9167pt too wide) in paragraph at lines 162--162
\OT1/cmr/m/n/10 vor

Overfull \hbox (19.75005pt too wide) in paragraph at lines 162--162
\OT1/cmr/m/n/10 vari-

Overfull \hbox (21.72226pt too wide) in paragraph at lines 162--162
\OT1/cmr/m/n/10 ables| 
! Extra }, or forgotten \endgroup.
\@endfloatbox ...pagefalse \outer@nobreak \egroup 
                                                  \color@endbox 
l.162   \begin
              {minipage}[h]{0.5\textwidth}
? ! Missing number, treated as zero.
<to be read again> 
                   }
l.162   \begin{minipage}[h]{0.5\textwidth}
                                          
? ! Illegal unit of measure (pt inserted).
<to be read again> 
                   }
l.162   \begin{minipage}[h]{0.5\textwidth}
                                          
? <figs/WZ/wz_b_NJet.pdf, id=497, 569.12625pt x 418.56375pt>
<use figs/WZ/wz_b_NJet.pdf>
! Missing } inserted.
<inserted text> 
                }
l.164   \end{minipage}
                      \hfill
? ! Extra }, or forgotten \endgroup.
\endminipage ...pagefalse \color@endgroup \egroup 
                                                  \expandafter \@iiiparbox \...
l.164   \end{minipage}
                      \hfill
? ! Undefined control sequence.
\endminipage ...\expandafter \@iiiparbox \@mpargs 
                                                  {\unvbox \@tempboxa }
l.164   \end{minipage}
                      \hfill
? ! Missing number, treated as zero.
<to be read again> 
                   \def 
l.166     \centering
                     \includegraphics[width=\textwidth]{figs/WZ/plotCand_3le...

? ! Illegal unit of measure (pt inserted).
<to be read again> 
                   \def 
l.166     \centering
                     \includegraphics[width=\textwidth]{figs/WZ/plotCand_3le...

? 
! Package calc Error: `\def ' invalid at this point.

See the calc package documentation for explanation.
Type  H <return>  for immediate help.
 ...                                              
                                                  
l.166     \centering
                     \includegraphics[width=\textwidth]{figs/WZ/plotCand_3le...

? 