This is pdfTeX, Version 3.1415926-2.5-1.40.14 (TeX Live 2013) (format=pdflatex 2013.5.30)  8 OCT 2014 17:56
entering extended mode
 restricted \write18 enabled.
 %&-line parsing enabled.
**thesis.tex
(./thesis.tex
LaTeX2e <2011/06/27>
Babel <3.9f> and hyphenation patterns for 78 languages loaded.
(./style/pennThesis.cls
Document Class: pennThesis 11/04/20142011 UPenn HEP Thesis Class
(/usr/local/texlive/2013/texmf-dist/tex/latex/memoir/memoir.cls
Document Class: memoir 2013/05/22 v3.7 configurable book, report, article docum
ent class
\onelineskip=\skip41
\lxvchars=\skip42
\xlvchars=\skip43
\@memcnta=\count79
\c@@memmarkcntra=\count80
(/usr/local/texlive/2013/texmf-dist/tex/generic/oberdiek/ifpdf.sty
Package: ifpdf 2011/01/30 v2.3 Provides the ifpdf switch (HO)
Package ifpdf Info: pdfTeX in PDF mode is detected.
)
(/usr/local/texlive/2013/texmf-dist/tex/latex/ifetex/ifetex.sty
Package: ifetex 2011/12/15 v1.2 ifetex

(/usr/local/texlive/2013/texmf-dist/tex/plain/ifetex/ifetex.tex))
(/usr/local/texlive/2013/texmf-dist/tex/generic/ifxetex/ifxetex.sty
Package: ifxetex 2010/09/12 v0.6 Provides ifxetex conditional
)
(/usr/local/texlive/2013/texmf-dist/tex/generic/oberdiek/ifluatex.sty
Package: ifluatex 2010/03/01 v1.3 Provides the ifluatex switch (HO)
Package ifluatex Info: LuaTeX not detected.
)
\stockheight=\skip44
\stockwidth=\skip45
\trimtop=\skip46
\trimedge=\skip47

(/usr/local/texlive/2013/texmf-dist/tex/latex/etex-pkg/etex.sty
Package: etex 1998/03/26 v2.0 eTeX basic definition package (PEB)
\et@xins=\count81
)
(/usr/local/texlive/2013/texmf-dist/tex/latex/memoir/mem10.clo
File: mem10.clo 2008/01/30 v0.3 memoir class 10pt size option
)
\binding=\skip48
\spinemargin=\skip49
\foremargin=\skip50
\uppermargin=\skip51
\lowermargin=\skip52
\headdrop=\skip53
\normalrulethickness=\skip54
\mem@maxheadheight=\skip55
\mem@maxfootheight=\skip56
\headwidth=\skip57
\c@storedpagenumber=\count82
\memPD=\dimen102
\m@mabparskip=\skip58
\thanksmarkwidth=\skip59
\thanksmarksep=\skip60
\droptitle=\skip61
\c@book=\count83
\c@part=\count84
\c@chapter=\count85
\c@section=\count86
\c@subsection=\count87
\c@subsubsection=\count88
\c@paragraph=\count89
\c@subparagraph=\count90
\beforechapskip=\skip62
\midchapskip=\skip63
\afterchapskip=\skip64
\chapindent=\skip65
\bottomsectionskip=\skip66
\secindent=\skip67
\beforesecskip=\skip68
\aftersecskip=\skip69
\subsecindent=\skip70
\beforesubsecskip=\skip71
\aftersubsecskip=\skip72
\subsubsecindent=\skip73
\beforesubsubsecskip=\skip74
\aftersubsubsecskip=\skip75
\paraindent=\skip76
\beforeparaskip=\skip77
\afterparaskip=\skip78
\subparaindent=\skip79
\beforesubparaskip=\skip80
\aftersubparaskip=\skip81
\pfbreakskip=\skip82
\c@@ppsavesec=\count91
\c@@ppsaveapp=\count92
\ragrparindent=\dimen103
\everylistparindent=\dimen104
\parsepi=\skip83
\topsepi=\skip84
\itemsepi=\skip85
\parsepii=\skip86
\topsepii=\skip87
\topsepiii=\skip88
\itemsepii=\skip89
\itemsepiii=\skip90
\partopsepii=\skip91
\partopsepiii=\skip92
\m@msavetopsep=\skip93
\m@msavepartopsep=\skip94
\@enLab=\toks14
\abstitleskip=\skip95
\absleftindent=\skip96
\abs@leftindent=\dimen105
\absrightindent=\skip97
\absparindent=\skip98
\absparsep=\skip99
\c@vslineno=\count93
\c@poemline=\count94
\c@modulo@vs=\count95
\c@memfvsline=\count96
\vleftskip=\skip100
\vrightskip=\skip101
\stanzaskip=\skip102
\versewidth=\skip103
\vgap=\skip104
\vindent=\skip105
\vleftmargin=\dimen106
\c@verse=\count97
\c@chrsinstr=\count98
\beforepoemtitleskip=\skip106
\afterpoemtitleskip=\skip107
\c@poem=\count99
\beforePoemTitleskip=\skip108
\midPoemTitleskip=\skip109
\afterPoemTitleskip=\skip110
\col@sep=\dimen107
\extrarowheight=\dimen108
\NC@list=\toks15
\extratabsurround=\skip111
\backup@length=\skip112
\TX@col@width=\dimen109
\TX@old@table=\dimen110
\TX@old@col=\dimen111
\TX@target=\dimen112
\TX@delta=\dimen113
\TX@cols=\count100
\TX@ftn=\toks16
\heavyrulewidth=\dimen114
\lightrulewidth=\dimen115
\cmidrulewidth=\dimen116
\belowrulesep=\dimen117
\belowbottomsep=\dimen118
\aboverulesep=\dimen119
\abovetopsep=\dimen120
\cmidrulesep=\dimen121
\cmidrulekern=\dimen122
\defaultaddspace=\dimen123
\@cmidla=\count101
\@cmidlb=\count102
\@aboverulesep=\dimen124
\@belowrulesep=\dimen125
\@thisruleclass=\count103
\@lastruleclass=\count104
\@thisrulewidth=\dimen126
\ctableftskip=\skip113
\ctabrightskip=\skip114
\abovecolumnspenalty=\count105
\@linestogo=\count106
\@cellstogo=\count107
\@cellsincolumn=\count108
\crtok=\toks17
\@mincolumnwidth=\dimen127
\c@newflo@tctr=\count109
\mem@margin@floatbox=\box26
\@contcwidth=\skip115
\@contindw=\skip116
\abovecaptionskip=\skip117
\belowcaptionskip=\skip118
\subfloattopskip=\skip119
\subfloatcapskip=\skip120
\subfloatcaptopadj=\skip121
\subfloatbottomskip=\skip122
\subfloatlabelskip=\skip123
\subfloatcapmargin=\dimen128
\c@@contsubnum=\count110
\m@mscap@capbox=\box27
\m@mscap@fbox=\box28
\sidecapsep=\dimen129
\sidecapwidth=\dimen130
\m@m@tempdima=\dimen131
\m@mscapraise=\dimen132
\sidecapraise=\dimen133
\m@mscapmainwidth=\dimen134
\m@mscaplkern=\dimen135
\beforeepigraphskip=\skip124
\afterepigraphskip=\skip125
\epigraphwidth=\skip126
\epigraphrule=\skip127
LaTeX Info: Redefining \em on input line 7491.
LaTeX Info: Redefining \emph on input line 7499.
\tocentryskip=\skip128
\tocbaseline=\skip129
\cftparskip=\skip130
\cftbeforebookskip=\skip131
\cftbookindent=\dimen136
\cftbooknumwidth=\dimen137
\cftbeforepartskip=\skip132
\cftpartindent=\skip133
\cftpartnumwidth=\skip134
\cftbeforechapterskip=\skip135
\cftchapterindent=\skip136
\cftchapternumwidth=\skip137
\cftbeforesectionskip=\skip138
\cftsectionindent=\skip139
\cftsectionnumwidth=\skip140
\cftbeforesubsectionskip=\skip141
\cftsubsectionindent=\skip142
\cftsubsectionnumwidth=\skip143
\cftbeforesubsubsectionskip=\skip144
\cftsubsubsectionindent=\skip145
\cftsubsubsectionnumwidth=\skip146
\cftbeforeparagraphskip=\skip147
\cftparagraphindent=\skip148
\cftparagraphnumwidth=\skip149
\cftbeforesubparagraphskip=\skip150
\cftsubparagraphindent=\skip151
\cftsubparagraphnumwidth=\skip152
\prechapterprecisshift=\dimen138
\c@maxsecnumdepth=\count111
\bibindent=\dimen139
\bibitemsep=\skip153
\indexcolsep=\skip154
\indexrule=\skip155
\indexmarkstyle=\toks18
\@indexbox=\insert233
\glossarycolsep=\dimen140
\glossaryrule=\dimen141
\sideparvshift=\skip156
\sideins=\insert232
\sidebartopsep=\skip157
\sidebarhsep=\skip158
\sidebarvsep=\skip159
\sidebarwidth=\skip160
\footmarkwidth=\skip161
\footmarksep=\skip162
\footparindent=\skip163
\footinsdim=\skip164
\footinsv@r=\insert231
\@mpfootinsv@r=\insert230
\m@m@k=\count112
\m@m@h=\dimen142
\m@mipn@skip=\skip165
\sidefootins=\insert229
\sidefootadjust=\skip166
\sidefootheight=\skip167
\sidefoothsep=\skip168
\sidefootvsep=\skip169
\sidefootwidth=\skip170
\m@mdownsf=\skip171
\c@sidefootnote=\count113
\sidefootmarkwidth=\skip172
\sidefootmarksep=\skip173
\sidefootparindent=\skip174
\c@pagenote=\count114
\c@pagenoteshadow=\count115
\mem@pn@lastkern=\skip175
\every@verbatim=\toks19
\afterevery@verbatim=\toks20
\verbatim@line=\toks21
\tab@position=\count116
\verbatim@in@stream=\read1
\verbatimindent=\skip176
\verbatim@out=\write3
\bvboxsep=\skip177
\c@memfbvline=\count117
\c@bvlinectr=\count118
\bvnumlength=\skip178
\fb@frw=\dimen143
\fb@frh=\dimen144
\FrameRule=\dimen145
\FrameSep=\dimen146
\c@cp@cntr=\count119
LaTeX Info: Redefining \: on input line 11957.
LaTeX Info: Redefining \! on input line 11959.
\c@ism@mctr=\count120
\c@xsm@mctr=\count121
\c@csm@mctr=\count122
\c@ksm@mctr=\count123
\c@xksm@mctr=\count124
\c@cksm@mctr=\count125
\c@msm@mctr=\count126
\c@xmsm@mctr=\count127
\c@cmsm@mctr=\count128
\c@bsm@mctr=\count129
\c@workm@mctr=\count130
\c@sheetsequence=\count131
\c@lastsheet=\count132
\c@lastpage=\count133
\c@figure=\count134
\c@lofdepth=\count135
\cftbeforefigureskip=\skip179
\cftfigureindent=\skip180
\cftfigurenumwidth=\skip181
\c@table=\count136
\c@lotdepth=\count137
\cftbeforetableskip=\skip182
\cfttableindent=\skip183
\cfttablenumwidth=\skip184
Package abstract [2008/07/23] emulated by memoir.
Package appendix [2008/07/23] emulated by memoir.
Package array [2008/09/09] emulated by memoir.
Package booktabs [2008/07/23] emulated by memoir.
Package ccaption [2008/07/23] emulated by memoir.
Package changepage [2008/07/23] emulated by memoir.
Package chngcntr [2008/07/23] emulated by memoir.
Package chngpage [2008/07/23] emulated by memoir.
Package crop emulated by memoir.
Package dcolumn [2008/07/23] emulated by memoir.
Package delarray [2008/07/23] emulated by memoir.
Package enumerate [2008/07/23] emulated by memoir.
Package epigraph [2008/07/23] emulated by memoir.
Package ifmtarg [2008/07/23] emulated by memoir.
Package index [2008/07/23] emulated by memoir.
Package makeidx [2008/07/23] emulated by memoir.
Package moreverb [2008/07/23] emulated by memoir.
Package mparhack [2008/07/23] emulated by memoir.
Package needspace [2008/07/23] emulated by memoir.
Package newfile [2008/07/23] emulated by memoir.
Package nextpage [2008/07/23] emulated by memoir.
Package pagenote [2008/07/23] emulated by memoir.
Package parskip [2008/07/23] emulated by memoir.
Package patchcmd [2008/07/23] emulated by memoir.
Package setspace [2008/07/23] emulated by memoir.
Package shortvrb [2008/07/23] emulated by memoir.
Package showidx [2008/07/23] emulated by memoir.
Package tabularx [2008/07/23] emulated by memoir.
Package titleref [2008/07/23] emulated by memoir.
Package titling [2008/07/23] emulated by memoir.
Package tocbibind [2008/07/23] emulated by memoir.
Package tocloft [2008/07/23] emulated by memoir.
Package tocvsec2 [2008/07/23] emulated by memoir.
Package verbatim [2008/07/23] emulated by memoir.
Package verse [2008/07/23] emulated by memoir.

(/usr/local/texlive/2013/texmf-dist/tex/latex/memoir/mempatch.sty
Package: mempatch 2009/07/24 v6.0f Patches for memoir class v1.6180339
))
(/usr/local/texlive/2013/texmf-dist/tex/latex/base/ifthen.sty
Package: ifthen 2001/05/26 v1.1c Standard LaTeX ifthen package (DPC)
)
(/usr/local/texlive/2013/texmf-dist/tex/latex/graphics/graphicx.sty
Package: graphicx 1999/02/16 v1.0f Enhanced LaTeX Graphics (DPC,SPQR)

(/usr/local/texlive/2013/texmf-dist/tex/latex/graphics/keyval.sty
Package: keyval 1999/03/16 v1.13 key=value parser (DPC)
\KV@toks@=\toks22
)
(/usr/local/texlive/2013/texmf-dist/tex/latex/graphics/graphics.sty
Package: graphics 2009/02/05 v1.0o Standard LaTeX Graphics (DPC,SPQR)

(/usr/local/texlive/2013/texmf-dist/tex/latex/graphics/trig.sty
Package: trig 1999/03/16 v1.09 sin cos tan (DPC)
)
(/usr/local/texlive/2013/texmf-dist/tex/latex/latexconfig/graphics.cfg
File: graphics.cfg 2010/04/23 v1.9 graphics configuration of TeX Live
)
Package graphics Info: Driver file: pdftex.def on input line 91.

(/usr/local/texlive/2013/texmf-dist/tex/latex/pdftex-def/pdftex.def
File: pdftex.def 2011/05/27 v0.06d Graphics/color for pdfTeX

(/usr/local/texlive/2013/texmf-dist/tex/generic/oberdiek/infwarerr.sty
Package: infwarerr 2010/04/08 v1.3 Providing info/warning/error messages (HO)
)
(/usr/local/texlive/2013/texmf-dist/tex/generic/oberdiek/ltxcmds.sty
Package: ltxcmds 2011/11/09 v1.22 LaTeX kernel commands for general use (HO)
)
\Gread@gobject=\count138
))
\Gin@req@height=\dimen147
\Gin@req@width=\dimen148
)
(/usr/local/texlive/2013/texmf-dist/tex/latex/oberdiek/epstopdf.sty
Package: epstopdf 2010/02/09 v2.5 Conversion with epstopdf on the fly (HO)

(/usr/local/texlive/2013/texmf-dist/tex/latex/oberdiek/epstopdf-base.sty
Package: epstopdf-base 2010/02/09 v2.5 Base part for package epstopdf

(/usr/local/texlive/2013/texmf-dist/tex/latex/oberdiek/grfext.sty
Package: grfext 2010/08/19 v1.1 Manage graphics extensions (HO)

(/usr/local/texlive/2013/texmf-dist/tex/generic/oberdiek/kvdefinekeys.sty
Package: kvdefinekeys 2011/04/07 v1.3 Define keys (HO)
))
(/usr/local/texlive/2013/texmf-dist/tex/latex/oberdiek/kvoptions.sty
Package: kvoptions 2011/06/30 v3.11 Key value format for package options (HO)

(/usr/local/texlive/2013/texmf-dist/tex/generic/oberdiek/kvsetkeys.sty
Package: kvsetkeys 2012/04/25 v1.16 Key value parser (HO)

(/usr/local/texlive/2013/texmf-dist/tex/generic/oberdiek/etexcmds.sty
Package: etexcmds 2011/02/16 v1.5 Avoid name clashes with e-TeX commands (HO)
Package etexcmds Info: Could not find \expanded.
(etexcmds)             That can mean that you are not using pdfTeX 1.50 or
(etexcmds)             that some package has redefined \expanded.
(etexcmds)             In the latter case, load this package earlier.
)))
(/usr/local/texlive/2013/texmf-dist/tex/generic/oberdiek/pdftexcmds.sty
Package: pdftexcmds 2011/11/29 v0.20 Utility functions of pdfTeX for LuaTeX (HO
)
Package pdftexcmds Info: LuaTeX not detected.
Package pdftexcmds Info: \pdf@primitive is available.
Package pdftexcmds Info: \pdf@ifprimitive is available.
Package pdftexcmds Info: \pdfdraftmode found.
)
Package grfext Info: Graphics extension search list:
(grfext)             [.png,.pdf,.jpg,.mps,.jpeg,.jbig2,.jb2,.PNG,.PDF,.JPG,.JPE
G,.JBIG2,.JB2,.eps]
(grfext)             \AppendGraphicsExtensions on input line 452.

(/usr/local/texlive/2013/texmf-dist/tex/latex/latexconfig/epstopdf-sys.cfg
File: epstopdf-sys.cfg 2010/07/13 v1.3 Configuration of (r)epstopdf for TeX Liv
e
)))
(/usr/local/texlive/2013/texmf-dist/tex/latex/graphics/epsfig.sty
Package: epsfig 1999/02/16 v1.7a (e)psfig emulation (SPQR)
\epsfxsize=\dimen149
\epsfysize=\dimen150
)
(/usr/local/texlive/2013/texmf-dist/tex/latex/graphics/color.sty
Package: color 2005/11/14 v1.0j Standard LaTeX Color (DPC)

(/usr/local/texlive/2013/texmf-dist/tex/latex/latexconfig/color.cfg
File: color.cfg 2007/01/18 v1.5 color configuration of teTeX/TeXLive
)
Package color Info: Driver file: pdftex.def on input line 130.
)
(/usr/local/texlive/2013/texmf-dist/tex/latex/amsmath/amsmath.sty
Package: amsmath 2013/01/14 v2.14 AMS math features
\@mathmargin=\skip185

For additional information on amsmath, use the `?' option.
(/usr/local/texlive/2013/texmf-dist/tex/latex/amsmath/amstext.sty
Package: amstext 2000/06/29 v2.01

(/usr/local/texlive/2013/texmf-dist/tex/latex/amsmath/amsgen.sty
File: amsgen.sty 1999/11/30 v2.0
\@emptytoks=\toks23
\ex@=\dimen151
))
(/usr/local/texlive/2013/texmf-dist/tex/latex/amsmath/amsbsy.sty
Package: amsbsy 1999/11/29 v1.2d
\pmbraise@=\dimen152
)
(/usr/local/texlive/2013/texmf-dist/tex/latex/amsmath/amsopn.sty
Package: amsopn 1999/12/14 v2.01 operator names
)
\inf@bad=\count139
LaTeX Info: Redefining \frac on input line 210.
\uproot@=\count140
\leftroot@=\count141
LaTeX Info: Redefining \overline on input line 306.
\classnum@=\count142
\DOTSCASE@=\count143
LaTeX Info: Redefining \ldots on input line 378.
LaTeX Info: Redefining \dots on input line 381.
LaTeX Info: Redefining \cdots on input line 466.
\Mathstrutbox@=\box29
\strutbox@=\box30
\big@size=\dimen153
LaTeX Font Info:    Redeclaring font encoding OML on input line 566.
LaTeX Font Info:    Redeclaring font encoding OMS on input line 567.
\macc@depth=\count144
\c@MaxMatrixCols=\count145
\dotsspace@=\muskip10
\c@parentequation=\count146
\dspbrk@lvl=\count147
\tag@help=\toks24
\row@=\count148
\column@=\count149
\maxfields@=\count150
\andhelp@=\toks25
\eqnshift@=\dimen154
\alignsep@=\dimen155
\tagshift@=\dimen156
\tagwidth@=\dimen157
\totwidth@=\dimen158
\lineht@=\dimen159
\@envbody=\toks26
\multlinegap=\skip186
\multlinetaggap=\skip187
\mathdisplay@stack=\toks27
LaTeX Info: Redefining \[ on input line 2665.
LaTeX Info: Redefining \] on input line 2666.
)
(/usr/local/texlive/2013/texmf-dist/tex/latex/amsfonts/amssymb.sty
Package: amssymb 2013/01/14 v3.01 AMS font symbols

(/usr/local/texlive/2013/texmf-dist/tex/latex/amsfonts/amsfonts.sty
Package: amsfonts 2013/01/14 v3.01 Basic AMSFonts support
\symAMSa=\mathgroup4
\symAMSb=\mathgroup5
LaTeX Font Info:    Overwriting math alphabet `\mathfrak' in version `bold'
(Font)                  U/euf/m/n --> U/euf/b/n on input line 106.
))
(/usr/local/texlive/2013/texmf-dist/tex/latex/tools/bm.sty
Package: bm 2004/02/26 v1.1c Bold Symbol Support (DPC/FMi)
\symboldoperators=\mathgroup6
\symboldletters=\mathgroup7
\symboldsymbols=\mathgroup8
LaTeX Font Info:    Redeclaring math alphabet \mathbf on input line 138.
LaTeX Info: Redefining \bm on input line 204.
)
(./style/atlasphysics.sty
\hrs=\count151
\minu=\count152
\temptime=\count153
\boxsqbox=\box31
\boxsize=\dimen160
\dkwidth=\dimen161
)
(/usr/local/texlive/2013/texmf-dist/tex/latex/tools/calc.sty
Package: calc 2007/08/22 v4.3 Infix arithmetic (KKT,FJ)
\calc@Acount=\count154
\calc@Bcount=\count155
\calc@Adimen=\dimen162
\calc@Bdimen=\dimen163
\calc@Askip=\skip188
\calc@Bskip=\skip189
LaTeX Info: Redefining \setlength on input line 76.
LaTeX Info: Redefining \addtolength on input line 77.
\calc@Ccount=\count156
\calc@Cskip=\skip190
)
(/usr/local/texlive/2013/texmf-dist/tex/latex/subfig/subfig.sty
Package: subfig 2005/06/28 ver: 1.3 subfig package


Class memoir Warning: You are using the caption package with the memoir class. 
To prepare we will now reset all captioning macros and configurations to kernel
 defaults, and then let the caption package take over. Please remember to use t
he caption package interfaces in order to configure your captions. .

(/usr/local/texlive/2013/texmf-dist/tex/latex/caption/caption.sty
Package: caption 2013/05/02 v3.3-89 Customizing captions (AR)

(/usr/local/texlive/2013/texmf-dist/tex/latex/caption/caption3.sty
Package: caption3 2013/05/02 v1.6-88 caption3 kernel (AR)
Package caption3 Info: TeX engine: e-TeX on input line 57.
\captionmargin=\dimen164
\captionmargin@=\dimen165
\captionwidth=\dimen166
\caption@tempdima=\dimen167
\caption@indent=\dimen168
\caption@parindent=\dimen169
\caption@hangindent=\dimen170
)
\c@ContinuedFloat=\count157
)
\c@KVtest=\count158
\sf@farskip=\skip191
\sf@captopadj=\dimen171
\sf@capskip=\skip192
\sf@nearskip=\skip193
\c@subfigure=\count159
\c@subfigure@save=\count160
\c@subtable=\count161
\c@subtable@save=\count162
\sf@top=\skip194
\sf@bottom=\skip195
)
(/usr/local/texlive/2013/texmf-dist/tex/latex/lineno/lineno.sty
Package: lineno 2005/11/02 line numbers on paragraphs v4.41
\linenopenalty=\count163
\output=\toks28
\linenoprevgraf=\count164
\linenumbersep=\dimen172
\linenumberwidth=\dimen173
\c@linenumber=\count165
\c@pagewiselinenumber=\count166
\c@LN@truepage=\count167
\c@internallinenumber=\count168
\c@internallinenumbers=\count169
\quotelinenumbersep=\dimen174
\bframerule=\dimen175
\bframesep=\dimen176
\bframebox=\box32
LaTeX Info: Redefining \\ on input line 3056.
)
(/usr/local/texlive/2013/texmf-dist/tex/latex/hyperref/hyperref.sty
Package: hyperref 2012/11/06 v6.83m Hypertext links for LaTeX

(/usr/local/texlive/2013/texmf-dist/tex/generic/oberdiek/hobsub-hyperref.sty
Package: hobsub-hyperref 2012/05/28 v1.13 Bundle oberdiek, subset hyperref (HO)


(/usr/local/texlive/2013/texmf-dist/tex/generic/oberdiek/hobsub-generic.sty
Package: hobsub-generic 2012/05/28 v1.13 Bundle oberdiek, subset generic (HO)
Package: hobsub 2012/05/28 v1.13 Construct package bundles (HO)
Package hobsub Info: Skipping package `infwarerr' (already loaded).
Package hobsub Info: Skipping package `ltxcmds' (already loaded).
Package hobsub Info: Skipping package `ifluatex' (already loaded).
Package: ifvtex 2010/03/01 v1.5 Detect VTeX and its facilities (HO)
Package ifvtex Info: VTeX not detected.
Package: intcalc 2007/09/27 v1.1 Expandable calculations with integers (HO)
Package hobsub Info: Skipping package `ifpdf' (already loaded).
Package hobsub Info: Skipping package `etexcmds' (already loaded).
Package hobsub Info: Skipping package `kvsetkeys' (already loaded).
Package hobsub Info: Skipping package `kvdefinekeys' (already loaded).
Package hobsub Info: Skipping package `pdftexcmds' (already loaded).
Package: pdfescape 2011/11/25 v1.13 Implements pdfTeX's escape features (HO)
Package: bigintcalc 2012/04/08 v1.3 Expandable calculations on big integers (HO
)
Package: bitset 2011/01/30 v1.1 Handle bit-vector datatype (HO)
Package: uniquecounter 2011/01/30 v1.2 Provide unlimited unique counter (HO)
)
Package hobsub Info: Skipping package `hobsub' (already loaded).
Package: letltxmacro 2010/09/02 v1.4 Let assignment for LaTeX macros (HO)
Package: hopatch 2012/05/28 v1.2 Wrapper for package hooks (HO)
Package: xcolor-patch 2011/01/30 xcolor patch
Package: atveryend 2011/06/30 v1.8 Hooks at the very end of document (HO)
Package atveryend Info: \enddocument detected (standard20110627).
Package: atbegshi 2011/10/05 v1.16 At begin shipout hook (HO)
Package: refcount 2011/10/16 v3.4 Data extraction from label references (HO)
Package: hycolor 2011/01/30 v1.7 Color options for hyperref/bookmark (HO)
)
(/usr/local/texlive/2013/texmf-dist/tex/latex/oberdiek/auxhook.sty
Package: auxhook 2011/03/04 v1.3 Hooks for auxiliary files (HO)
)
\@linkdim=\dimen177
\Hy@linkcounter=\count170
\Hy@pagecounter=\count171

(/usr/local/texlive/2013/texmf-dist/tex/latex/hyperref/pd1enc.def
File: pd1enc.def 2012/11/06 v6.83m Hyperref: PDFDocEncoding definition (HO)
)
\Hy@SavedSpaceFactor=\count172

(/usr/local/texlive/2013/texmf-dist/tex/latex/latexconfig/hyperref.cfg
File: hyperref.cfg 2002/06/06 v1.2 hyperref configuration of TeXLive
)
Package hyperref Info: Option `colorlinks' set `true' on input line 4319.
Package hyperref Info: Option `breaklinks' set `true' on input line 4319.
Package hyperref Info: Option `linktocpage' set `true' on input line 4319.
Package hyperref Info: Hyper figures OFF on input line 4443.
Package hyperref Info: Link nesting OFF on input line 4448.
Package hyperref Info: Hyper index ON on input line 4451.
Package hyperref Info: Plain pages OFF on input line 4458.
Package hyperref Info: Backreferencing ON on input line 4461.
Package hyperref Info: Implicit mode ON; LaTeX internals redefined.
Package hyperref Info: Bookmarks ON on input line 4688.

(/usr/local/texlive/2013/texmf-dist/tex/latex/hyperref/backref.sty
Package: backref 2012/07/25 v1.38 Bibliographical back referencing

(/usr/local/texlive/2013/texmf-dist/tex/latex/oberdiek/rerunfilecheck.sty
Package: rerunfilecheck 2011/04/15 v1.7 Rerun checks for auxiliary files (HO)
Package uniquecounter Info: New unique counter `rerunfilecheck' on input line 2
82.
))
\c@Hy@tempcnt=\count173

(/usr/local/texlive/2013/texmf-dist/tex/latex/url/url.sty
\Urlmuskip=\muskip11
Package: url 2006/04/12  ver 3.3  Verb mode for urls, etc.
)
LaTeX Info: Redefining \url on input line 5041.
\XeTeXLinkMargin=\dimen178
\Fld@menulength=\count174
\Field@Width=\dimen179
\Fld@charsize=\dimen180
Package hyperref Info: Hyper figures OFF on input line 6295.
Package hyperref Info: Link nesting OFF on input line 6300.
Package hyperref Info: Hyper index ON on input line 6303.
Package hyperref Info: backreferencing ON on input line 6308.
Package hyperref Info: Link coloring ON on input line 6313.
Package hyperref Info: Link coloring with OCG OFF on input line 6320.
Package hyperref Info: PDF/A mode OFF on input line 6325.
LaTeX Info: Redefining \ref on input line 6365.
LaTeX Info: Redefining \pageref on input line 6369.
\Hy@abspage=\count175
\c@Item=\count176
\c@Hfootnote=\count177
)
(/usr/local/texlive/2013/texmf-dist/tex/latex/memoir/memhfixc.sty
Package: memhfixc 2013/05/16 v1.16 nameref/hyperref package fixes for memoir cl
ass
\c@memhycontfloat=\count178
\c@Hpagenote=\count179
)

Package hyperref Message: Driver (autodetected): hpdftex.

(/usr/local/texlive/2013/texmf-dist/tex/latex/hyperref/hpdftex.def
File: hpdftex.def 2012/11/06 v6.83m Hyperref driver for pdfTeX
\Fld@listcount=\count180
\c@bookmark@seq@number=\count181
\Hy@SectionHShift=\skip196
)
(/usr/local/texlive/2013/texmf-dist/tex/latex/rotating/rotating.sty
Package: rotating 2009/03/28 v2.16a rotated objects in LaTeX
\c@r@tfl@t=\count182
\rotFPtop=\skip197
\rotFPbot=\skip198
\rot@float@box=\box33
\rot@mess@toks=\toks29
)
(/usr/local/texlive/2013/texmf-dist/tex/latex/graphics/lscape.sty
Package: lscape 2000/10/22 v3.01 Landscape Pages (DPC)
)
(/usr/local/texlive/2013/texmf-dist/tex/latex/tools/longtable.sty
Package: longtable 2004/02/01 v4.11 Multi-page Table package (DPC)
\LTleft=\skip199
\LTright=\skip200
\LTpre=\skip201
\LTpost=\skip202
\LTchunksize=\count183
\LTcapwidth=\dimen181
\LT@head=\box34
\LT@firsthead=\box35
\LT@foot=\box36
\LT@lastfoot=\box37
\LT@cols=\count184
\LT@rows=\count185
\c@LT@tables=\count186
\c@LT@chunks=\count187
\LT@p@ftn=\toks30
)
(/usr/local/texlive/2013/texmf-dist/tex/latex/ncctools/dcounter.sty
Package: dcounter 2005/04/25 v1.2 Dynamic Counters (NCC)
)
(./style/cleveref.sty
Package: cleveref 2011/03/22 v0.17.9 Intelligent cross-referencing
LaTeX Info: Redefining \Cref on input line 1103.
Package cleveref Info: `hyperref' support loaded on input line 2157.
LaTeX Info: Redefining \cref on input line 2157.
LaTeX Info: Redefining \Cref on input line 2157.
LaTeX Info: Redefining \crefrange on input line 2157.
LaTeX Info: Redefining \Crefrange on input line 2157.
Package cleveref Info: `subfig' support loaded on input line 2325.
Package cleveref Info: always capitalise cross-reference names on input line 54
96.
Package cleveref Info: loaded `english' language definitions on input line 5499
.
Package cleveref Info: always capitalise cross-reference names on input line 55
00.
)

******************************************************
Stock height and width: 794.96999pt by 614.295pt
Top and edge trims: 0pt and 0pt
Page height and width: 794.96999pt by 614.295pt
Text height and width: 598pt by 440pt
Spine and edge margins: 86.72377pt and 86.7238pt
Upper and lower margins: 101.17755pt and 95.79243pt
Headheight and headsep: 13pt and 13pt
Footskip: 26pt
Columnsep and columnseprule: 10pt and 0pt
Marginparsep and marginparwidth: 7pt and 72.7238pt
Sidecapsep and sidecapwidth: 7pt and 71pt
Sidebarhsep and sidebarwidth: 7pt and 71pt
Sidebarvsep and sidebartopsep: 12pt and 0pt
Sidebarheight: 548.39996pt
Sidefoothsep and sidefootwidth: 7pt and 71pt
Sidefootvsep and sidefootheight: 12pt and 548.39996pt
******************************************************

)
\@input{tex/docdefs.aux}
\openout2 = `tex/docdefs.aux'.

(./tex/docdefs.tex)
(/usr/local/texlive/2013/texmf-dist/tex/latex/feynmf/feynmf.sty
Package: feynmf 1996/12/02 v1.08 LaTeX/Metafont Feynman Diagram Package (ohl)
\@outfmf=\write4
\fmfbuf@=\toks31
\c@fmfgraph=\count188
\grep@infile=\read2
\grep@outfile=\write5
)
(/usr/local/texlive/2013/texmf-dist/tex/latex/multirow/multirow.sty
\bigstrutjot=\dimen182
)
(./thesis.aux)
\openout1 = `thesis.aux'.

LaTeX Font Info:    Checking defaults for OML/cmm/m/it on input line 27.
LaTeX Font Info:    ... okay on input line 27.
LaTeX Font Info:    Checking defaults for T1/cmr/m/n on input line 27.
LaTeX Font Info:    ... okay on input line 27.
LaTeX Font Info:    Checking defaults for OT1/cmr/m/n on input line 27.
LaTeX Font Info:    ... okay on input line 27.
LaTeX Font Info:    Checking defaults for OMS/cmsy/m/n on input line 27.
LaTeX Font Info:    ... okay on input line 27.
LaTeX Font Info:    Checking defaults for OMX/cmex/m/n on input line 27.
LaTeX Font Info:    ... okay on input line 27.
LaTeX Font Info:    Checking defaults for U/cmr/m/n on input line 27.
LaTeX Font Info:    ... okay on input line 27.
LaTeX Font Info:    Checking defaults for PD1/pdf/m/n on input line 27.
LaTeX Font Info:    ... okay on input line 27.

(/usr/local/texlive/2013/texmf-dist/tex/context/base/supp-pdf.mkii
[Loading MPS to PDF converter (version 2006.09.02).]
\scratchcounter=\count189
\scratchdimen=\dimen183
\scratchbox=\box38
\nofMPsegments=\count190
\nofMParguments=\count191
\everyMPshowfont=\toks32
\MPscratchCnt=\count192
\MPscratchDim=\dimen184
\MPnumerator=\count193
\makeMPintoPDFobject=\count194
\everyMPtoPDFconversion=\toks33
)
Package caption Info: Begin \AtBeginDocument code.
Package caption Info: subfig package v1.3 is loaded.
Package caption Info: hyperref package is loaded.
Package caption Info: longtable package is loaded.
 (/usr/local/texlive/2013/texmf-dist/tex/latex/caption/ltcaption.sty
Package: ltcaption 2013/02/03 v1.3-62 longtable captions (AR)
)
Package caption Info: rotating package is loaded.
Package caption Info: End \AtBeginDocument code.
\AtBeginShipoutBox=\box39
Package hyperref Info: Link coloring ON on input line 27.

(/usr/local/texlive/2013/texmf-dist/tex/latex/hyperref/nameref.sty
Package: nameref 2012/10/27 v2.43 Cross-referencing by name of section

(/usr/local/texlive/2013/texmf-dist/tex/generic/oberdiek/gettitlestring.sty
Package: gettitlestring 2010/12/03 v1.4 Cleanup title references (HO)
)
\c@section@level=\count195
)
Redoing nameref's sectioning
Redoing nameref's label
LaTeX Info: Redefining \nameref on input line 27.
LaTeX Info: Redefining \ref on input line 27.
LaTeX Info: Redefining \pageref on input line 27.
LaTeX Info: Redefining \nameref on input line 27.
(./thesis.out) (./thesis.out)
\@outlinefile=\write6
\openout6 = `thesis.out'.



feynmf: File thesis-feyn.tfm found.
feynmf: Nevertheless, if the picture has changed, reprocess thesis-feyn.mf.
feynmf: If dimension have changed, reprocess thesis-feyn.mf and thesis.tex.
\openout4 = `thesis-feyn.mf'.

LaTeX Font Info:    Try loading font information for U+msa on input line 72.
(/usr/local/texlive/2013/texmf-dist/tex/latex/amsfonts/umsa.fd
File: umsa.fd 2013/01/14 v3.01 AMS symbols A
)
LaTeX Font Info:    Try loading font information for U+msb on input line 72.

(/usr/local/texlive/2013/texmf-dist/tex/latex/amsfonts/umsb.fd
File: umsb.fd 2013/01/14 v3.01 AMS symbols B
) [1




{/usr/local/texlive/2013/texmf-var/fonts/map/pdftex/updmap/pdftex.map}] [2]
(./tex/acknowledgements.tex
Overfull \hbox (0.27849pt too wide) in paragraph at lines 3--10
\OT1/cmr/m/n/10 knowl-edge-ments ac-knowl-edge-ments ac-knowl-edge-ments ac-kno
wl-edge-ments ac-knowl-edge-ments ac-knowl-
 []


Overfull \hbox (1.66733pt too wide) in paragraph at lines 11--18
[]\OT1/cmr/m/n/10 Acknowledgements ac-knowl-edge-ments ac-knowl-edge-ments ac-k
nowl-edge-ments ac-knowl-edge-ments ac-
 []


Overfull \hbox (0.27849pt too wide) in paragraph at lines 11--18
\OT1/cmr/m/n/10 knowl-edge-ments ac-knowl-edge-ments ac-knowl-edge-ments ac-kno
wl-edge-ments ac-knowl-edge-ments ac-knowl-
 []


Overfull \hbox (1.66733pt too wide) in paragraph at lines 19--26
[]\OT1/cmr/m/n/10 Acknowledgements ac-knowl-edge-ments ac-knowl-edge-ments ac-k
nowl-edge-ments ac-knowl-edge-ments ac-
 []


Overfull \hbox (0.27849pt too wide) in paragraph at lines 19--26
\OT1/cmr/m/n/10 knowl-edge-ments ac-knowl-edge-ments ac-knowl-edge-ments ac-kno
wl-edge-ments ac-knowl-edge-ments ac-knowl-
 []

) [3


] (./tex/abstract.tex) [4] [5]
\openout2 = `tex/preface.aux'.

 (./tex/preface.tex) [6



]
\openout2 = `tex/introduction.aux'.


(./tex/introduction.tex

LaTeX Warning: Citation `1999.ATLAS.Physics-TDR' on page 1 undefined on input l
ine 5.

) [1




]
\openout2 = `tex/theory.aux'.

 (./tex/theory.tex

LaTeX Warning: Citation `np_22_579' on page 2 undefined on input line 20.


LaTeX Warning: Citation `prl_19_1264' on page 2 undefined on input line 20.


LaTeX Warning: Citation `1964.Salam-Ward.gauge-theory' on page 2 undefined on i
nput line 20.


LaTeX Warning: Citation `1973.Weinberg.SM-with-QCD' on page 2 undefined on inpu
t line 20.


LaTeX Warning: Citation `1973.Gross-Wilczek.Asymptotic_freedom_0' on page 2 und
efined on input line 29.

[2



]

LaTeX Warning: Citation `1972.tHooft-Veltman.regularization_and_renormalization
' on page 3 undefined on input line 36.


LaTeX Warning: Citation `Higgs:1964pj' on page 3 undefined on input line 73.


LaTeX Warning: Citation `Higgs:1966ev' on page 3 undefined on input line 73.


LaTeX Warning: Citation `Englert:1964et' on page 3 undefined on input line 73.

[3]

LaTeX Warning: Citation `lepew:2010vi' on page 4 undefined on input line 117.


LaTeX Warning: Citation `GFitter' on page 4 undefined on input line 124.


LaTeX Warning: Reference `figure:theory_scans' on page 4 undefined on input lin
e 124.

<figs/HiggsScan.pdf, id=67, 569.12625pt x 385.44pt>
File: figs/HiggsScan.pdf Graphic file (type pdf)
 <use figs/HiggsScan.pdf>
Package pdftex.def Info: figs/HiggsScan.pdf used on input line 136.
(pdftex.def)             Requested size: 197.99866pt x 134.09439pt.

<figs/TopScan.pdf, id=68, 569.12625pt x 385.44pt>
File: figs/TopScan.pdf Graphic file (type pdf)
 <use figs/TopScan.pdf>
Package pdftex.def Info: figs/TopScan.pdf used on input line 137.
(pdftex.def)             Requested size: 197.99866pt x 134.09439pt.

<figs/WMassScan.pdf, id=69, 569.12625pt x 385.44pt>
File: figs/WMassScan.pdf Graphic file (type pdf)
 <use figs/WMassScan.pdf>
Package pdftex.def Info: figs/WMassScan.pdf used on input line 138.
(pdftex.def)             Requested size: 197.99866pt x 134.09439pt.

<figs/Sin2ThetaScan.pdf, id=70, 569.12625pt x 385.44pt>
File: figs/Sin2ThetaScan.pdf Graphic file (type pdf)

<use figs/Sin2ThetaScan.pdf>
Package pdftex.def Info: figs/Sin2ThetaScan.pdf used on input line 139.
(pdftex.def)             Requested size: 197.99866pt x 134.09439pt.
 [4]

LaTeX Warning: Reference `figure:theory_pdf' on page 5 undefined on input line 
169.


LaTeX Warning: Citation `1985.Collins.factorization-theorem' on page 5 undefine
d on input line 170.


LaTeX Warning: Reference `chapter:lhc' on page 5 undefined on input line 173.

[5 <./figs/HiggsScan.pdf> <./figs/TopScan.pdf> <./figs/WMassScan.pdf> <./figs/S
in2ThetaScan.pdf>]
<figs/mstw2008nlo68cl_allpdfs.pdf, id=108, 569.12625pt x 382.42876pt>
File: figs/mstw2008nlo68cl_allpdfs.pdf Graphic file (type pdf)

<use figs/mstw2008nlo68cl_allpdfs.pdf>
Package pdftex.def Info: figs/mstw2008nlo68cl_allpdfs.pdf used on input line 18
0.
(pdftex.def)             Requested size: 352.00134pt x 236.53734pt.


LaTeX Warning: Citation `lhcProposal' on page 6 undefined on input line 189.


LaTeX Warning: Citation `lepew:2010vi' on page 6 undefined on input line 193.

<figs/ggF.pdf, id=109, 209.78375pt x 117.43875pt>
File: figs/ggF.pdf Graphic file (type pdf)
 <use figs/ggF.pdf>
Package pdftex.def Info: figs/ggF.pdf used on input line 203.
(pdftex.def)             Requested size: 154.00269pt x 86.2116pt.

<figs/vh.pdf, id=110, 221.82875pt x 91.34125pt>
File: figs/vh.pdf Graphic file (type pdf)
 <use figs/vh.pdf>
Package pdftex.def Info: figs/vh.pdf used on input line 204.
(pdftex.def)             Requested size: 154.00269pt x 63.41159pt.

<figs/vbf.pdf, id=111, 237.88875pt x 174.6525pt>
File: figs/vbf.pdf Graphic file (type pdf)
 <use figs/vbf.pdf>
Package pdftex.def Info: figs/vbf.pdf used on input line 205.
(pdftex.def)             Requested size: 154.00269pt x 113.06972pt.

<figs/tth.pdf, id=112, 209.78375pt x 168.63pt>
File: figs/tth.pdf Graphic file (type pdf)
 <use figs/tth.pdf>
Package pdftex.def Info: figs/tth.pdf used on input line 206.
(pdftex.def)             Requested size: 154.00269pt x 123.79102pt.


LaTeX Warning: Reference `figure:theory_higgsdiagrams' on page 6 undefined on i
nput line 216.


LaTeX Warning: Reference `figure:theory_xsec' on page 6 undefined on input line
 218.


LaTeX Warning: Citation `Dittmaier:2012vm' on page 6 undefined on input line 21
8.


LaTeX Warning: Reference `figure:theory_xsec' on page 6 undefined on input line
 223.

[6 <./figs/mstw2008nlo68cl_allpdfs.pdf>]
<figs/Higgs_XS_8TeV_lx.pdf, id=121, 569.12625pt x 408.52625pt>
File: figs/Higgs_XS_8TeV_lx.pdf Graphic file (type pdf)

<use figs/Higgs_XS_8TeV_lx.pdf>
Package pdftex.def Info: figs/Higgs_XS_8TeV_lx.pdf used on input line 232.
(pdftex.def)             Requested size: 228.80188pt x 164.23666pt.

<figs/Higgs_BR.pdf, id=122, 569.12625pt x 546.04pt>
File: figs/Higgs_BR.pdf Graphic file (type pdf)
 <use figs/Higgs_BR.pdf>
Package pdftex.def Info: figs/Higgs_BR.pdf used on input line 233.
(pdftex.def)             Requested size: 184.7992pt x 177.30258pt.


LaTeX Warning: Citation `ATLAS-CONF-2014-009' on page 7 undefined on input line
 247.


LaTeX Warning: Citation `CMS-PAS-HIG-14-009' on page 7 undefined on input line 
247.


LaTeX Warning: Citation `Aad:2014aba' on page 7 undefined on input line 248.


LaTeX Warning: Citation `tagkey2013120' on page 7 undefined on input line 248.


LaTeX Warning: Reference `figure:theory_higgsdisc' on page 7 undefined on input
 line 251.

[7 <./figs/ggF.pdf> <./figs/vh.pdf> <./figs/vbf.pdf> <./figs/tth.pdf>]
<figs/atlas_higgs.pdf, id=157, 569.12625pt x 736.7525pt>
File: figs/atlas_higgs.pdf Graphic file (type pdf)

<use figs/atlas_higgs.pdf>
Package pdftex.def Info: figs/atlas_higgs.pdf used on input line 268.
(pdftex.def)             Requested size: 197.99866pt x 256.31586pt.

<figs/atlas_coupling.pdf, id=158, 569.12625pt x 738.76pt>
File: figs/atlas_coupling.pdf Graphic file (type pdf)

<use figs/atlas_coupling.pdf>
Package pdftex.def Info: figs/atlas_coupling.pdf used on input line 269.
(pdftex.def)             Requested size: 197.99866pt x 257.01425pt.


Package hyperref Warning: Token not allowed in a PDF string (PDFDocEncoding):
(hyperref)                removing `math shift' on input line 282.


Package hyperref Warning: Token not allowed in a PDF string (PDFDocEncoding):
(hyperref)                removing `math shift' on input line 282.


LaTeX Warning: Citation `Dawson:2013bba' on page 8 undefined on input line 290.



LaTeX Warning: Citation `Eberhardt:2012gv' on page 8 undefined on input line 29
5.


LaTeX Warning: Citation `Carena:2013iba' on page 8 undefined on input line 296.



LaTeX Warning: Citation `ArkaniHamed:2012kq' on page 8 undefined on input line 
296.


LaTeX Warning: Citation `Carmi:2012yp' on page 8 undefined on input line 296.


LaTeX Warning: Citation `Dawson:2013bba' on page 8 undefined on input line 310.


[8 <./figs/Higgs_XS_8TeV_lx.pdf, page is rotated 90 degrees> <./figs/Higgs_BR.p
df>]

LaTeX Warning: Citation `Degrassi:2012ry' on page 9 undefined on input line 321
.


LaTeX Warning: Reference `figure:theory_stability' on page 9 undefined on input
 line 323.

[9 <./figs/atlas_higgs.pdf> <./figs/atlas_coupling.pdf>]
<figs/SMstability.pdf, id=239, 180.675pt x 177.16188pt>
File: figs/SMstability.pdf Graphic file (type pdf)

<use figs/SMstability.pdf>
Package pdftex.def Info: figs/SMstability.pdf used on input line 331.
(pdftex.def)             Requested size: 197.99866pt x 194.15147pt.

<figs/runLambda.pdf, id=240, 250.9375pt x 244.92404pt>
File: figs/runLambda.pdf Graphic file (type pdf)

<use figs/runLambda.pdf>
Package pdftex.def Info: figs/runLambda.pdf used on input line 332.
(pdftex.def)             Requested size: 197.99866pt x 193.26363pt.
) [10 <./figs/SMstability.pdf> <./figs/runLambda.pdf>]
\openout2 = `tex/lhc.aux'.


(./tex/lhc.tex

LaTeX Warning: Citation `1748-0221-3-08-S08001' on page 11 undefined on input l
ine 20.


LaTeX Warning: Citation `Pettersson:291782' on page 11 undefined on input line 
20.


LaTeX Warning: Citation `Linnecar:1176380' on page 11 undefined on input line 2
0.


LaTeX Warning: Citation `ATLAS_detector' on page 11 undefined on input line 26.



LaTeX Warning: Citation `748-0221-3-08-S08004' on page 11 undefined on input li
ne 26.


LaTeX Warning: Citation `1748-0221-3-08-S08005' on page 11 undefined on input l
ine 26.


LaTeX Warning: Citation `1748-0221-3-08-S08002)' on page 11 undefined on input 
line 26.


LaTeX Warning: Reference `figure:lhc_lhc' on page 11 undefined on input line 26
.


LaTeX Warning: Citation `Team:40525' on page 11 undefined on input line 27.

<figs/lhc.pdf, id=281, 614.295pt x 794.97pt>
File: figs/lhc.pdf Graphic file (type pdf)
 <use figs/lhc.pdf>
Package pdftex.def Info: figs/lhc.pdf used on input line 36.
(pdftex.def)             Requested size: 154.00269pt x 199.3pt.
 [11



] [12 <./figs/lhc.pdf>]) [13]
\openout2 = `tex/electron.aux'.

 (./tex/electron.tex) [14



]
\openout2 = `tex/analysis.aux'.

 (./tex/analysis.tex

LaTeX Warning: Citation `paper1' on page 15 undefined on input line 12.


LaTeX Warning: Citation `paper2' on page 15 undefined on input line 13.


LaTeX Warning: Reference `chapter:selection' on page 15 undefined on input line
 24.


LaTeX Warning: Reference `chapter:background' on page 15 undefined on input lin
e 25.


LaTeX Warning: Reference `chapter:systematics' on page 15 undefined on input li
ne 26.


LaTeX Warning: Reference `chapter:results' on page 15 undefined on input line 2
6.


LaTeX Warning: Reference `ana:table_decay' on page 15 undefined on input line 3
7.

[15



]
LaTeX Font Info:    Try loading font information for OMS+cmr on input line 71.
 (/usr/local/texlive/2013/texmf-dist/tex/latex/base/omscmr.fd
File: omscmr.fd 1999/05/25 v2.5h Standard LaTeX font definitions
)
LaTeX Font Info:    Font shape `OMS/cmr/m/n' in size <10> not available
(Font)              Font shape `OMS/cmsy/m/n' tried instead on input line 71.
 [16])
[17]
\openout2 = `tex/data.aux'.

 (./tex/data.tex

LaTeX Warning: Citation `Aad:2013ucp' on page 18 undefined on input line 9.


LaTeX Warning: Reference `figure:lhc_lumi' on page 18 undefined on input line 1
0.


LaTeX Warning: Citation `Carli:1424362' on page 18 undefined on input line 12.


LaTeX Warning: Reference `figure:lhc_pileup' on page 18 undefined on input line
 14.

<figs/intlumivstime2011-2012DQ.pdf, id=348, 569.12625pt x 408.52625pt>
File: figs/intlumivstime2011-2012DQ.pdf Graphic file (type pdf)

<use figs/intlumivstime2011-2012DQ.pdf>
Package pdftex.def Info: figs/intlumivstime2011-2012DQ.pdf used on input line 1
9.
(pdftex.def)             Requested size: 264.00269pt x 189.51392pt.

<figs/mu_2011_2012-dec.pdf, id=349, 569.12625pt x 408.52625pt>
File: figs/mu_2011_2012-dec.pdf Graphic file (type pdf)

<use figs/mu_2011_2012-dec.pdf>
Package pdftex.def Info: figs/mu_2011_2012-dec.pdf used on input line 28.
(pdftex.def)             Requested size: 264.00269pt x 189.51392pt.
 [18



]

LaTeX Warning: Citation `Aad:2010ah' on page 19 undefined on input line 53.


LaTeX Warning: Citation `Agostinelli:2002hh' on page 19 undefined on input line
 53.

[19 <./figs/intlumivstime2011-2012DQ.pdf> <./figs/mu_2011_2012-dec.pdf>]

LaTeX Warning: Reference `ana:table_mcsignal' on page 20 undefined on input lin
e 59.


LaTeX Warning: Citation `Heinemeyer:2013tqa' on page 20 undefined on input line
 62.


LaTeX Warning: Citation `Garzelli:2011vp' on page 20 undefined on input line 64
.


LaTeX Warning: Citation `Sjostrand:2007gs' on page 20 undefined on input line 6
5.


LaTeX Warning: Citation `Lai:2010vv' on page 20 undefined on input line 65.


LaTeX Warning: Citation `Heinemeyer:2013tqa' on page 20 undefined on input line
 67.


LaTeX Warning: Reference `ana:table_MCbackground' on page 20 undefined on input
 line 89.


LaTeX Warning: Citation `Mangano:2002ea' on page 20 undefined on input line 89.



LaTeX Warning: Citation `Maltoni:2002qb' on page 20 undefined on input line 89.



LaTeX Warning: Citation `Kersevan:2004yg' on page 20 undefined on input line 89
.


LaTeX Warning: Citation `Nadolsky:2008zw' on page 20 undefined on input line 89
.


LaTeX Warning: Citation `Frixione:2007vw' on page 20 undefined on input line 90
.


LaTeX Warning: Citation `Gleisberg:2008ta' on page 20 undefined on input line 9
0.


LaTeX Warning: Citation `Martin:2009iq' on page 20 undefined on input line 91.


Package longtable Warning: Column widths have changed
(longtable)                in table 6.2 on input line 126.

[20]) [21]
\openout2 = `tex/selection.aux'.

 (./tex/selection.tex

LaTeX Warning: Reference `chapter:analysis' on page 22 undefined on input line 
4.


LaTeX Warning: Reference `' on page 22 undefined on input line 10.


LaTeX Warning: Reference `section:Optimization' on page 22 undefined on input l
ine 13.

[22



] [23]

LaTeX Warning: Citation `EgammaSF' on page 24 undefined on input line 115.


LaTeX Warning: Reference `chapter:electron' on page 24 undefined on input line 
118.


LaTeX Warning: Citation `Topo' on page 24 undefined on input line 129.


LaTeX Warning: Citation `PileupCorrections' on page 24 undefined on input line 
130.

[24]

LaTeX Warning: Reference `selection:table_object' on page 25 undefined on input
 line 138.


LaTeX Warning: Citation `MCP2012' on page 25 undefined on input line 149.


LaTeX Warning: Reference `selection:table_object' on page 25 undefined on input
 line 161.


LaTeX Warning: Citation `Cacciari:2008gp' on page 25 undefined on input line 16
5.

[25]

LaTeX Warning: Reference `sec:optim-jets' on page 26 undefined on input line 17
6.

) [26] [27]
\openout2 = `tex/background.aux'.

 (./tex/background.tex

LaTeX Warning: Reference `chapter:analysis' on page 28 undefined on input line 
4.


LaTeX Warning: Reference `table:background_summary' on page 28 undefined on inp
ut line 6.


Package hyperref Warning: Token not allowed in a PDF string (PDFDocEncoding):
(hyperref)                removing `math shift' on input line 36.


Package hyperref Warning: Token not allowed in a PDF string (PDFDocEncoding):
(hyperref)                removing `superscript' on input line 36.


Package hyperref Warning: Token not allowed in a PDF string (PDFDocEncoding):
(hyperref)                removing `\pm' on input line 36.


Package hyperref Warning: Token not allowed in a PDF string (PDFDocEncoding):
(hyperref)                removing `math shift' on input line 36.


Package hyperref Warning: Token not allowed in a PDF string (PDFDocEncoding):
(hyperref)                removing `math shift' on input line 36.


Package hyperref Warning: Token not allowed in a PDF string (PDFDocEncoding):
(hyperref)                removing `math shift' on input line 36.


Package hyperref Warning: Token not allowed in a PDF string (PDFDocEncoding):
(hyperref)                removing `math shift' on input line 36.


Package hyperref Warning: Token not allowed in a PDF string (PDFDocEncoding):
(hyperref)                removing `math shift' on input line 36.


Package hyperref Warning: Token not allowed in a PDF string (PDFDocEncoding):
(hyperref)                removing `math shift' on input line 36.


Package hyperref Warning: Token not allowed in a PDF string (PDFDocEncoding):
(hyperref)                removing `math shift' on input line 36.

[28



]

LaTeX Warning: Citation `Garzelli:2012bn' on page 29 undefined on input line 46
.


LaTeX Warning: Citation `Campbell:2012dh' on page 29 undefined on input line 49
.


LaTeX Warning: Citation `Martin:2009iq' on page 29 undefined on input line 50.


LaTeX Warning: Reference `tab:ttVXSunc' on page 29 undefined on input line 54.


Underfull \hbox (badness 6625) in paragraph at lines 61--63
[]|\OT1/cmr/m/n/10 Total sym-metrised
 []


Overfull \hbox (9.18451pt too wide) in paragraph at lines 58--73
 [] 
 []


Underfull \hbox (badness 7649) in paragraph at lines 73--73
[]\OT1/cmr/m/n/10 Table 8.1: |NLO cross sec-tion and the-o-ret-i-cal un-cer-tai
nty cal-cu-la-tions de-rived from
 []


LaTeX Warning: Citation `Campbell:2013yla' on page 29 undefined on input line 7
8.


Package hyperref Warning: Token not allowed in a PDF string (PDFDocEncoding):
(hyperref)                removing `math shift' on input line 82.


Package hyperref Warning: Token not allowed in a PDF string (PDFDocEncoding):
(hyperref)                removing `math shift' on input line 82.


LaTeX Warning: Reference `chapter:selection' on page 29 undefined on input line
 84.

[29]

LaTeX Warning: Reference `figure:background_ttZCRA' on page 30 undefined on inp
ut line 86.

<figs/ttZ/ttz_3l_CR_nelec.pdf, id=450, 569.12625pt x 385.44pt>
File: figs/ttZ/ttz_3l_CR_nelec.pdf Graphic file (type pdf)

<use figs/ttZ/ttz_3l_CR_nelec.pdf>
Package pdftex.def Info: figs/ttZ/ttz_3l_CR_nelec.pdf used on input line 90.
(pdftex.def)             Requested size: 220.0pt x 148.9977pt.

<figs/ttZ/ttz_3l_CR_nJets_and_nbJets_lin.pdf, id=451, 569.12625pt x 385.44pt>
File: figs/ttZ/ttz_3l_CR_nJets_and_nbJets_lin.pdf Graphic file (type pdf)

<use figs/ttZ/ttz_3l_CR_nJets_and_nbJets_lin.pdf>
Package pdftex.def Info: figs/ttZ/ttz_3l_CR_nJets_and_nbJets_lin.pdf used on in
put line 91.
(pdftex.def)             Requested size: 220.0pt x 148.9977pt.

<figs/ttZ/ttz_3l_CR_Mll01.pdf, id=452, 569.12625pt x 385.44pt>
File: figs/ttZ/ttz_3l_CR_Mll01.pdf Graphic file (type pdf)

<use figs/ttZ/ttz_3l_CR_Mll01.pdf>
Package pdftex.def Info: figs/ttZ/ttz_3l_CR_Mll01.pdf used on input line 92.
(pdftex.def)             Requested size: 220.0pt x 148.9977pt.

<figs/ttZ/ttz_3l_CR_Mll02.pdf, id=453, 569.12625pt x 385.44pt>
File: figs/ttZ/ttz_3l_CR_Mll02.pdf Graphic file (type pdf)

<use figs/ttZ/ttz_3l_CR_Mll02.pdf>
Package pdftex.def Info: figs/ttZ/ttz_3l_CR_Mll02.pdf used on input line 93.
(pdftex.def)             Requested size: 220.0pt x 148.9977pt.


Package hyperref Warning: Token not allowed in a PDF string (PDFDocEncoding):
(hyperref)                removing `math shift' on input line 100.


Package hyperref Warning: Token not allowed in a PDF string (PDFDocEncoding):
(hyperref)                removing `superscript' on input line 100.


Package hyperref Warning: Token not allowed in a PDF string (PDFDocEncoding):
(hyperref)                removing `\pm' on input line 100.


Package hyperref Warning: Token not allowed in a PDF string (PDFDocEncoding):
(hyperref)                removing `math shift' on input line 100.


Package hyperref Warning: Token not allowed in a PDF string (PDFDocEncoding):
(hyperref)                removing `math shift' on input line 100.


Package hyperref Warning: Token not allowed in a PDF string (PDFDocEncoding):
(hyperref)                removing `math shift' on input line 100.


LaTeX Warning: Citation `WZAtlas' on page 30 undefined on input line 110.


LaTeX Warning: Citation `ZZAtlas' on page 30 undefined on input line 110.


LaTeX Warning: Citation `WbAtlas' on page 30 undefined on input line 111.


LaTeX Warning: Citation `ZbAtlas' on page 30 undefined on input line 112.

[30]

LaTeX Warning: Reference `fig:wz_zb' on page 31 undefined on input line 121.

<figs/WZ/ZbVR.pdf, id=460, 569.12625pt x 418.56375pt>
File: figs/WZ/ZbVR.pdf Graphic file (type pdf)
 <use figs/WZ/ZbVR.pdf>
Package pdftex.def Info: figs/WZ/ZbVR.pdf used on input line 127.
(pdftex.def)             Requested size: 220.0pt x 161.80217pt.


Package hyperref Warning: Token not allowed in a PDF string (PDFDocEncoding):
(hyperref)                removing `math shift' on input line 134.


Package hyperref Warning: Token not allowed in a PDF string (PDFDocEncoding):
(hyperref)                removing `superscript' on input line 134.


Package hyperref Warning: Token not allowed in a PDF string (PDFDocEncoding):
(hyperref)                removing `\pm' on input line 134.


Package hyperref Warning: Token not allowed in a PDF string (PDFDocEncoding):
(hyperref)                removing `math shift' on input line 134.


LaTeX Warning: Reference `fig:wz_incl' on page 31 undefined on input line 135.


LaTeX Warning: Reference `fig:wz_z_b' on page 31 undefined on input line 135.

[31 <./figs/ttZ/ttz_3l_CR_nelec.pdf> <./figs/ttZ/ttz_3l_CR_nJets_and_nbJets_lin
.pdf> <./figs/ttZ/ttz_3l_CR_Mll01.pdf> <./figs/ttZ/ttz_3l_CR_Mll02.pdf>]
<figs/wz/plotCand_3lep_VV_NJet.pdf, id=493, 569.12625pt x 418.56375pt>
File: figs/wz/plotCand_3lep_VV_NJet.pdf Graphic file (type pdf)

<use figs/wz/plotCand_3lep_VV_NJet.pdf>
Package pdftex.def Info: figs/wz/plotCand_3lep_VV_NJet.pdf used on input line 1
41.
(pdftex.def)             Requested size: 220.0pt x 161.80217pt.

<figs/wz/plotCand_3lep_VV_NElec.pdf, id=494, 569.12625pt x 418.56375pt>
File: figs/wz/plotCand_3lep_VV_NElec.pdf Graphic file (type pdf)

<use figs/wz/plotCand_3lep_VV_NElec.pdf>
Package pdftex.def Info: figs/wz/plotCand_3lep_VV_NElec.pdf used on input line 
144.
(pdftex.def)             Requested size: 220.0pt x 161.80217pt.

<figs/wz/plotCand_3lep_VV_Mlll.pdf, id=495, 569.12625pt x 418.56375pt>
File: figs/wz/plotCand_3lep_VV_Mlll.pdf Graphic file (type pdf)

<use figs/wz/plotCand_3lep_VV_Mlll.pdf>
Package pdftex.def Info: figs/wz/plotCand_3lep_VV_Mlll.pdf used on input line 1
47.
(pdftex.def)             Requested size: 220.0pt x 161.80217pt.

<figs/wz/plotCand_3lep_VV_Mll01ML.pdf, id=496, 569.12625pt x 418.56375pt>
File: figs/wz/plotCand_3lep_VV_Mll01ML.pdf Graphic file (type pdf)

<use figs/wz/plotCand_3lep_VV_Mll01ML.pdf>
Package pdftex.def Info: figs/wz/plotCand_3lep_VV_Mll01ML.pdf used on input lin
e 150.
(pdftex.def)             Requested size: 220.0pt x 161.80217pt.

! Missing } inserted.
<inserted text> 
                }
l.152  \end{minipage}
                     \hfill
? 
! Undefined control sequence.
\endminipage ...\expandafter \@iiiparbox \@mpargs 
                                                  {\unvbox \@tempboxa }
l.152  \end{minipage}
                     \hfill
? 
Runaway argument?
{
! Paragraph ended before \calc@assign@generic was complete.
<to be read again> 
                   \par 
l.162   \begin
              {minipage}[h]{0.5\textwidth}
? 
! Extra }, or forgotten \endgroup.
\@iiiparbox ...xswfalse \setlength \@tempdima {#4}
                                                  \@begin@tempboxa \vbox {\h...
l.162   \begin
              {minipage}[h]{0.5\textwidth}
? 
! Missing \endcsname inserted.
<to be read again> 
                   \@@par 
l.162   \begin
              {minipage}[h]{0.5\textwidth}
? 
! Missing \endcsname inserted.
<to be read again> 
                   \@@par 
l.162   \begin
              {minipage}[h]{0.5\textwidth}
? 
! Extra \endcsname.
\reserved@a ...on@line }\csname \@@par \endcsname 
                                                  
l.162   \begin
              {minipage}[h]{0.5\textwidth}
? 
! Extra }, or forgotten \endgroup.
\@begin@tempboxa ...begingroup #2\color@endgroup }
                                                  \def \width {\wd \@tempbox...
l.162   \begin
              {minipage}[h]{0.5\textwidth}
? 
Runaway argument?
{\@checkend {minipage}\expandafter \endgroup \if@endpe \@doendpe \fi \ETC.
! Paragraph ended before \calc@assign@generic was complete.
<to be read again> 
                   \par 
l.162   \begin
              {minipage}[h]{0.5\textwidth}
? 

Package caption Warning: The option `hypcap=true' will be ignored for this
(caption)                particular \caption on input line 162.
See the caption package documentation for explanation.


Overfull \hbox (46.0001pt too wide) in paragraph at lines 162--162
[]\OT1/cmr/m/n/10 Figure 8.3:
 []


Overfull \hbox (38.11118pt too wide) in paragraph at lines 162--162
|[]\OT1/cmr/m/n/10 Inclusive
 []


Overfull \hbox (5.00002pt too wide) in paragraph at lines 162--162
\OT1/cmr/m/n/10 3
 []


Overfull \hbox (16.11113pt too wide) in paragraph at lines 162--162
\OT1/cmr/m/n/10 lep-
 []


Overfull \hbox (14.44449pt too wide) in paragraph at lines 162--162
\OT1/cmr/m/n/10 ton
 []


Overfull \hbox (25.12503pt too wide) in paragraph at lines 162--162
\OML/cmm/m/it/10 W[]Z$
 []


Overfull \hbox (15.83337pt too wide) in paragraph at lines 162--162
\OT1/cmr/m/n/10 val-
 []


Overfull \hbox (6.11111pt too wide) in paragraph at lines 162--162
\OT1/cmr/m/n/10 i-
 []


Overfull \hbox (13.88892pt too wide) in paragraph at lines 162--162
\OT1/cmr/m/n/10 da-
 []


Overfull \hbox (17.22227pt too wide) in paragraph at lines 162--162
\OT1/cmr/m/n/10 tion
 []


Overfull \hbox (11.69444pt too wide) in paragraph at lines 162--162
\OT1/cmr/m/n/10 re-
 []


Overfull \hbox (18.33339pt too wide) in paragraph at lines 162--162
\OT1/cmr/m/n/10 gion
 []


Overfull \hbox (12.83334pt too wide) in paragraph at lines 162--162
\OT1/cmr/m/n/10 us-
 []


Overfull \hbox (13.33337pt too wide) in paragraph at lines 162--162
\OT1/cmr/m/n/10 ing
 []


Overfull \hbox (13.88892pt too wide) in paragraph at lines 162--162
\OT1/cmr/m/n/10 the
 []


Overfull \hbox (34.68054pt too wide) in paragraph at lines 162--162
\OML/cmm/m/it/10 t[]H$ \OT1/cmr/m/n/10 lep-
 []


Overfull \hbox (14.44449pt too wide) in paragraph at lines 162--162
\OT1/cmr/m/n/10 ton
 []


Overfull \hbox (21.6667pt too wide) in paragraph at lines 162--162
\OT1/cmr/m/n/10 iden-
 []


Overfull \hbox (10.00002pt too wide) in paragraph at lines 162--162
\OT1/cmr/m/n/10 ti-
 []


Overfull \hbox (8.8889pt too wide) in paragraph at lines 162--162
\OT1/cmr/m/n/10 fi-
 []


Overfull \hbox (12.77779pt too wide) in paragraph at lines 162--162
\OT1/cmr/m/n/10 ca-
 []


Overfull \hbox (17.22227pt too wide) in paragraph at lines 162--162
\OT1/cmr/m/n/10 tion
 []


Overfull \hbox (16.11116pt too wide) in paragraph at lines 162--162
\OT1/cmr/m/n/10 and
 []


Overfull \hbox (16.6667pt too wide) in paragraph at lines 162--162
\OT1/cmr/m/n/10 mo-
 []


Overfull \hbox (21.6667pt too wide) in paragraph at lines 162--162
\OT1/cmr/m/n/10 men-
 []


Overfull \hbox (17.77783pt too wide) in paragraph at lines 162--162
\OT1/cmr/m/n/10 tum
 []


Overfull \hbox (20.61115pt too wide) in paragraph at lines 162--162
\OT1/cmr/m/n/10 cuts:
 []


Overfull \hbox (24.00005pt too wide) in paragraph at lines 162--162
\OT1/cmr/m/n/10 mass,
 []


Overfull \hbox (22.50005pt too wide) in paragraph at lines 162--162
\OT1/cmr/m/n/10 num-
 []


Overfull \hbox (14.19447pt too wide) in paragraph at lines 162--162
\OT1/cmr/m/n/10 ber
 []


Overfull \hbox (8.05559pt too wide) in paragraph at lines 162--162
\OT1/cmr/m/n/10 of
 []


Overfull \hbox (11.38892pt too wide) in paragraph at lines 162--162
\OT1/cmr/m/n/10 jet
 []


Overfull \hbox (16.11116pt too wide) in paragraph at lines 162--162
\OT1/cmr/m/n/10 and
 []


Overfull \hbox (13.88892pt too wide) in paragraph at lines 162--162
\OT1/cmr/m/n/10 fla-
 []


