\BOOKMARK [0][-]{chapter*.1}{Acknowledgements}{}% 1
\BOOKMARK [0][-]{chapter*.1}{Abstract}{}% 2
\BOOKMARK [0][-]{section*.2}{Contents}{}% 3
\BOOKMARK [0][-]{chapter*.3}{Preface}{}% 4
\BOOKMARK [0][-]{chapter.1}{Introduction}{}% 5
\BOOKMARK [0][-]{chapter.2}{Theoretical Background}{}% 6
\BOOKMARK [1][-]{section.2.1}{The Standard Model}{chapter.2}% 7
\BOOKMARK [2][-]{subsection.2.1.1}{The Standard Model Structure}{section.2.1}% 8
\BOOKMARK [2][-]{subsection.2.1.2}{Electoweak Symmetry Breaking and the Higgs}{section.2.1}% 9
\BOOKMARK [2][-]{subsection.2.1.3}{The Standard Model Parameters}{section.2.1}% 10
\BOOKMARK [1][-]{section.2.2}{Collider Physics and the Higgs}{chapter.2}% 11
\BOOKMARK [2][-]{subsection.2.2.1}{Higgs Discovery at the LHC}{section.2.2}% 12
\BOOKMARK [2][-]{subsection.2.2.2}{tH Production}{section.2.2}% 13
\BOOKMARK [1][-]{section.2.3}{Conclusion}{chapter.2}% 14
\BOOKMARK [0][-]{chapter.3}{The Large Hadron Collider and the ATLAS Experiment}{}% 15
\BOOKMARK [1][-]{section.3.1}{The Large Hadron Collider}{chapter.3}% 16
\BOOKMARK [2][-]{subsection.3.1.1}{The Accelerator Complex}{section.3.1}% 17
\BOOKMARK [2][-]{subsection.3.1.2}{Beam Parameters and Collisions}{section.3.1}% 18
\BOOKMARK [0][-]{chapter.4}{Electrons}{}% 19
\BOOKMARK [1][-]{section.4.1}{Electrons at Hadron Colliders}{chapter.4}% 20
\BOOKMARK [1][-]{section.4.2}{Reconstruction of Electron at ATLAS}{chapter.4}% 21
\BOOKMARK [1][-]{section.4.3}{Identification of Electrons at ATLAS}{chapter.4}% 22
\BOOKMARK [2][-]{subsection.4.3.1}{Pile-up}{section.4.3}% 23
\BOOKMARK [2][-]{subsection.4.3.2}{Trigger vs. Offline}{section.4.3}% 24
\BOOKMARK [2][-]{subsection.4.3.3}{2011 Menu}{section.4.3}% 25
\BOOKMARK [2][-]{subsection.4.3.4}{2012 Menu}{section.4.3}% 26
\BOOKMARK [2][-]{subsection.4.3.5}{Electron Likelihood}{section.4.3}% 27
\BOOKMARK [1][-]{section.4.4}{Measurement of Electron Efficiency at ATLAS}{chapter.4}% 28
\BOOKMARK [2][-]{subsection.4.4.1}{Techniques}{section.4.4}% 29
\BOOKMARK [2][-]{subsection.4.4.2}{Issues }{section.4.4}% 30
\BOOKMARK [0][-]{chapter.5}{Search for the TTH Decay in the Multilepton Channel}{}% 31
\BOOKMARK [1][-]{section.5.1}{Signal Characteristics}{chapter.5}% 32
\BOOKMARK [1][-]{section.5.2}{Background Overview}{chapter.5}% 33
\BOOKMARK [1][-]{section.5.3}{Analysis Strategy}{chapter.5}% 34
\BOOKMARK [0][-]{chapter.6}{Dataset and Simulation}{}% 35
\BOOKMARK [1][-]{section.6.1}{Data}{chapter.6}% 36
\BOOKMARK [2][-]{subsection.6.1.1}{The 2012 Dataset}{section.6.1}% 37
\BOOKMARK [1][-]{section.6.2}{Simulation}{chapter.6}% 38
\BOOKMARK [2][-]{subsection.6.2.1}{Signal Simulation}{section.6.2}% 39
\BOOKMARK [2][-]{subsection.6.2.2}{Background Simulation}{section.6.2}% 40
\BOOKMARK [0][-]{chapter.7}{Object and Event Selection}{}% 41
\BOOKMARK [1][-]{section.7.1}{2l Same-Charge Signal Region}{chapter.7}% 42
\BOOKMARK [1][-]{section.7.2}{3l Signal Region}{chapter.7}% 43
\BOOKMARK [1][-]{section.7.3}{4l Signal Region}{chapter.7}% 44
\BOOKMARK [1][-]{section.7.4}{Electron Selection}{chapter.7}% 45
\BOOKMARK [1][-]{section.7.5}{Muon Selection}{chapter.7}% 46
\BOOKMARK [1][-]{section.7.6}{Jet and b-Tagged Jet Selection}{chapter.7}% 47
\BOOKMARK [1][-]{section.7.7}{Tau Selection}{chapter.7}% 48
\BOOKMARK [1][-]{section.7.8}{Object Summary and Overlap}{chapter.7}% 49
\BOOKMARK [1][-]{section.7.9}{Optimization}{chapter.7}% 50
\BOOKMARK [0][-]{chapter.8}{Background Estimation}{}% 51
\BOOKMARK [1][-]{section.8.1}{Vector Boson \(W, Z\) production in association with top quarks: tV , tZ }{chapter.8}% 52
\BOOKMARK [2][-]{subsection.8.1.1}{tZ Validation Region}{section.8.1}% 53
\BOOKMARK [1][-]{section.8.2}{Di-boson Background Estimation: WZ , ZZ }{chapter.8}% 54
\BOOKMARK [1][-]{section.8.3}{Fake Lepton Backgrounds: t}{chapter.8}% 55
\BOOKMARK [1][-]{section.8.4}{Charge-Misidentification Background }{chapter.8}% 56
\BOOKMARK [0][-]{chapter.9}{Conclusions}{}% 57
\BOOKMARK [1][-]{section.9.1}{Higgs Results in Review}{chapter.9}% 58
\BOOKMARK [1][-]{section.9.2}{Prospects for Future}{chapter.9}% 59
\BOOKMARK [0][-]{section*.20}{Bibliography}{}% 60
